[     270ms] [WARNING] Honeycomb INGEST API key or a collector endpoint was not provided. Starting SDK in debug mode. No traces will be sent. @ http://localhost:3000/@fs/Users/aaron.hammer/Development/ui/packages/lib/src/utils/observability/honeycomb.ts:15
[     447ms] [ERROR] For screen-reader accessibility, label or aria-labelledby must be provided to TextInput. @ http://localhost:3000/node_modules/.vite/deps/chunk-S4MHCAD5.js?v=00382c1f:189
[     447ms] [ERROR] For screen-reader accessibility, label or aria-labelledby must be provided to TextInput. @ http://localhost:3000/node_modules/.vite/deps/chunk-S4MHCAD5.js?v=00382c1f:189
[     513ms] [ERROR] For screen-reader accessibility, label or aria-labelledby must be provided to TextInput. @ http://localhost:3000/node_modules/.vite/deps/chunk-S4MHCAD5.js?v=00382c1f:189
[     513ms] [ERROR] For screen-reader accessibility, label or aria-labelledby must be provided to TextInput. @ http://localhost:3000/node_modules/.vite/deps/chunk-S4MHCAD5.js?v=00382c1f:189
[   23705ms] [WARNING] "displayStatus" in deeply nested key "baseTask.displayStatus" returned undefined. @ http://localhost:3000/node_modules/.vite/deps/@leafygreen-ui_table.js?v=ba9eadf8:561
[   45386ms] [WARNING] Undefined 'from' passed to readField with arguments %s ["flattenedVersions",<undefined>] @ http://localhost:3000/node_modules/.vite/deps/chunk-LE7SWVGY.js?v=00382c1f:2942
[   45386ms] [WARNING] Undefined 'from' passed to readField with arguments %s ["allActiveVersions",<undefined>] @ http://localhost:3000/node_modules/.vite/deps/chunk-LE7SWVGY.js?v=00382c1f:2942
[   45521ms] [ERROR] Warning: Received `%s` for a non-boolean attribute `%s`.

If you want to write it to the DOM, pass a string instead: %s="%s" or %s={value.toString()}.%s true rightmost rightmost true rightmost 
    at a
    at LinkWithRef (http://localhost:3000/node_modules/.vite/deps/react-router-dom.js?v=193ca8e3:4483:7)
    at http://localhost:3000/node_modules/.vite/deps/chunk-SUKC37KJ.js?v=00382c1f:1548:49
    at _c2 (http://localhost:3000/src/components/TaskBox/index.tsx:91:12)
    at WaterfallTask (http://localhost:3000/src/pages/waterfall/WaterfallTask.tsx:11:3)
    at div
    at http://localhost:3000/node_modules/.vite/deps/chunk-SUKC37KJ.js?v=00382c1f:1548:49
    at WidthWatcher (http://localhost:3000/src/pages/waterfall/BuildRow.tsx:214:25)
    at BuildGrid (http://localhost:3000/src/pages/waterfall/BuildRow.tsx:235:3)
    at div
    at http://localhost:3000/node_modules/.vite/deps/chunk-SUKC37KJ.js?v=00382c1f:1548:49
    at VisibilityContainer (http://localhost:3000/src/components/VisibilityContainer/index.tsx:6:3)
    at div
    at http://localhost:3000/node_modules/.vite/deps/chunk-SUKC37KJ.js?v=00382c1f:1548:49
    at BuildRow (http://localhost:3000/src/pages/waterfall/BuildRow.tsx:29:3)
    at BuildVariantProvider (http://localhost:3000/src/pages/waterfall/BuildVariantContext.tsx:6:3)
    at div
    at http://localhost:3000/node_modules/.vite/deps/chunk-SUKC37KJ.js?v=00382c1f:1548:49
    at WaterfallGrid (http://localhost:3000/src/pages/waterfall/WaterfallGrid.tsx:45:3)
    at WaterfallErrorBoundary (http://localhost:3000/src/pages/waterfall/WaterfallErrorBoundary/index.tsx:17:5)
    at Suspense
    at div
    at http://localhost:3000/node_modules/.vite/deps/chunk-SUKC37KJ.js?v=00382c1f:1548:49
    at Waterfall (http://localhost:3000/src/pages/waterfall/index.tsx:23:60)
    at Suspense
    at Loadable
    at ProjectRedirect (http://localhost:3000/src/components/Redirects/ProjectRedirect.tsx:6:3)
    at RenderedRoute (http://localhost:3000/node_modules/.vite/deps/react-router-dom.js?v=193ca8e3:3401:5)
    at Outlet (http://localhost:3000/node_modules/.vite/deps/react-router-dom.js?v=193ca8e3:3721:26)
    at div
    at http://localhost:3000/node_modules/.vite/deps/chunk-SUKC37KJ.js?v=00382c1f:1548:49
    at Layout (http://localhost:3000/src/components/Content/Layout.tsx:21:31)
    at RenderedRoute (http://localhost:3000/node_modules/.vite/deps/react-router-dom.js?v=193ca8e3:3401:5)
    at Routes (http://localhost:3000/node_modules/.vite/deps/react-router-dom.js?v=193ca8e3:3781:5)
    at Content
    at ToastProviderCore (http://localhost:3000/@fs/Users/aaron.hammer/Development/ui/packages/lib/src/context/toast/index.tsx:30:30)
    at yt (http://localhost:3000/node_modules/.vite/deps/@leafygreen-ui_toast.js?v=42e0d3ee:822:15)
    at ToastProvider (http://localhost:3000/@fs/Users/aaron.hammer/Development/ui/packages/lib/src/context/toast/index.tsx:125:26)
    at P2 (http://localhost:3000/node_modules/.vite/deps/chunk-6RIDVPHZ.js?v=00382c1f:157:15)
    at v (http://localhost:3000/node_modules/.vite/deps/chunk-6RIDVPHZ.js?v=00382c1f:78:15)
    at w2 (http://localhost:3000/node_modules/.vite/deps/chunk-6RIDVPHZ.js?v=00382c1f:189:15)
    at M2 (http://localhost:3000/node_modules/.vite/deps/chunk-6RIDVPHZ.js?v=00382c1f:175:15)
    at S (http://localhost:3000/node_modules/.vite/deps/chunk-6RIDVPHZ.js?v=00382c1f:213:15)
    at U (http://localhost:3000/node_modules/.vite/deps/chunk-6RIDVPHZ.js?v=00382c1f:238:15)
    at ApolloProvider (http://localhost:3000/node_modules/.vite/deps/@apollo_client_react.js?v=1ae26157:31:3)
    at GQLWrapper (http://localhost:3000/src/gql/GQLWrapper.tsx:6:23)
    at ContextProviders (http://localhost:3000/src/context/Providers.tsx:6:3)
    at ProtectedRoute (http://localhost:3000/@fs/Users/aaron.hammer/Development/ui/packages/lib/src/components/ProtectedRoute/index.tsx:6:3)
    at RenderedRoute (http://localhost:3000/node_modules/.vite/deps/react-router-dom.js?v=193ca8e3:3401:5)
    at Outlet (http://localhost:3000/node_modules/.vite/deps/react-router-dom.js?v=193ca8e3:3721:26)
    at AuthProvider (http://localhost:3000/@fs/Users/aaron.hammer/Development/ui/packages/lib/src/context/AuthProvider/index.tsx:28:3)
    at DefaultErrorBoundary (http://localhost:3000/@fs/Users/aaron.hammer/Development/ui/packages/lib/src/components/ErrorBoundary/DefaultErrorBoundary.tsx:6:5)
    at ErrorBoundary (http://localhost:3000/@fs/Users/aaron.hammer/Development/ui/packages/lib/src/components/ErrorBoundary/index.tsx:5:26)
    at RenderedRoute (http://localhost:3000/node_modules/.vite/deps/react-router-dom.js?v=193ca8e3:3401:5)
    at RenderErrorBoundary (http://localhost:3000/node_modules/.vite/deps/react-router-dom.js?v=193ca8e3:3361:5)
    at DataRoutes (http://localhost:3000/node_modules/.vite/deps/react-router-dom.js?v=193ca8e3:4377:5)
    at Router (http://localhost:3000/node_modules/.vite/deps/react-router-dom.js?v=193ca8e3:3728:15)
    at RouterProvider (http://localhost:3000/node_modules/.vite/deps/react-router-dom.js?v=193ca8e3:4240:5)
    at App @ http://localhost:3000/node_modules/.vite/deps/chunk-DRJNT4PL.js?v=00382c1f:3
[   45521ms] [ERROR] Warning: React does not recognize the `%s` prop on a DOM element. If you intentionally want it to appear in the DOM as a custom attribute, spell it as lowercase `%s` instead. If you accidentally passed it from a parent component, remove it from the DOM element.%s squareSize squaresize 
    at a
    at LinkWithRef (http://localhost:3000/node_modules/.vite/deps/react-router-dom.js?v=193ca8e3:4483:7)
    at http://localhost:3000/node_modules/.vite/deps/chunk-SUKC37KJ.js?v=00382c1f:1548:49
    at _c2 (http://localhost:3000/src/components/TaskBox/index.tsx:91:12)
    at WaterfallTask (http://localhost:3000/src/pages/waterfall/WaterfallTask.tsx:11:3)
    at div
    at http://localhost:3000/node_modules/.vite/deps/chunk-SUKC37KJ.js?v=00382c1f:1548:49
    at WidthWatcher (http://localhost:3000/src/pages/waterfall/BuildRow.tsx:214:25)
    at BuildGrid (http://localhost:3000/src/pages/waterfall/BuildRow.tsx:235:3)
    at div
    at http://localhost:3000/node_modules/.vite/deps/chunk-SUKC37KJ.js?v=00382c1f:1548:49
    at VisibilityContainer (http://localhost:3000/src/components/VisibilityContainer/index.tsx:6:3)
    at div
    at http://localhost:3000/node_modules/.vite/deps/chunk-SUKC37KJ.js?v=00382c1f:1548:49
    at BuildRow (http://localhost:3000/src/pages/waterfall/BuildRow.tsx:29:3)
    at BuildVariantProvider (http://localhost:3000/src/pages/waterfall/BuildVariantContext.tsx:6:3)
    at div
    at http://localhost:3000/node_modules/.vite/deps/chunk-SUKC37KJ.js?v=00382c1f:1548:49
    at WaterfallGrid (http://localhost:3000/src/pages/waterfall/WaterfallGrid.tsx:45:3)
    at WaterfallErrorBoundary (http://localhost:3000/src/pages/waterfall/WaterfallErrorBoundary/index.tsx:17:5)
    at Suspense
    at div
    at http://localhost:3000/node_modules/.vite/deps/chunk-SUKC37KJ.js?v=00382c1f:1548:49
    at Waterfall (http://localhost:3000/src/pages/waterfall/index.tsx:23:60)
    at Suspense
    at Loadable
    at ProjectRedirect (http://localhost:3000/src/components/Redirects/ProjectRedirect.tsx:6:3)
    at RenderedRoute (http://localhost:3000/node_modules/.vite/deps/react-router-dom.js?v=193ca8e3:3401:5)
    at Outlet (http://localhost:3000/node_modules/.vite/deps/react-router-dom.js?v=193ca8e3:3721:26)
    at div
    at http://localhost:3000/node_modules/.vite/deps/chunk-SUKC37KJ.js?v=00382c1f:1548:49
    at Layout (http://localhost:3000/src/components/Content/Layout.tsx:21:31)
    at RenderedRoute (http://localhost:3000/node_modules/.vite/deps/react-router-dom.js?v=193ca8e3:3401:5)
    at Routes (http://localhost:3000/node_modules/.vite/deps/react-router-dom.js?v=193ca8e3:3781:5)
    at Content
    at ToastProviderCore (http://localhost:3000/@fs/Users/aaron.hammer/Development/ui/packages/lib/src/context/toast/index.tsx:30:30)
    at yt (http://localhost:3000/node_modules/.vite/deps/@leafygreen-ui_toast.js?v=42e0d3ee:822:15)
    at ToastProvider (http://localhost:3000/@fs/Users/aaron.hammer/Development/ui/packages/lib/src/context/toast/index.tsx:125:26)
    at P2 (http://localhost:3000/node_modules/.vite/deps/chunk-6RIDVPHZ.js?v=00382c1f:157:15)
    at v (http://localhost:3000/node_modules/.vite/deps/chunk-6RIDVPHZ.js?v=00382c1f:78:15)
    at w2 (http://localhost:3000/node_modules/.vite/deps/chunk-6RIDVPHZ.js?v=00382c1f:189:15)
    at M2 (http://localhost:3000/node_modules/.vite/deps/chunk-6RIDVPHZ.js?v=00382c1f:175:15)
    at S (http://localhost:3000/node_modules/.vite/deps/chunk-6RIDVPHZ.js?v=00382c1f:213:15)
    at U (http://localhost:3000/node_modules/.vite/deps/chunk-6RIDVPHZ.js?v=00382c1f:238:15)
    at ApolloProvider (http://localhost:3000/node_modules/.vite/deps/@apollo_client_react.js?v=1ae26157:31:3)
    at GQLWrapper (http://localhost:3000/src/gql/GQLWrapper.tsx:6:23)
    at ContextProviders (http://localhost:3000/src/context/Providers.tsx:6:3)
    at ProtectedRoute (http://localhost:3000/@fs/Users/aaron.hammer/Development/ui/packages/lib/src/components/ProtectedRoute/index.tsx:6:3)
    at RenderedRoute (http://localhost:3000/node_modules/.vite/deps/react-router-dom.js?v=193ca8e3:3401:5)
    at Outlet (http://localhost:3000/node_modules/.vite/deps/react-router-dom.js?v=193ca8e3:3721:26)
    at AuthProvider (http://localhost:3000/@fs/Users/aaron.hammer/Development/ui/packages/lib/src/context/AuthProvider/index.tsx:28:3)
    at DefaultErrorBoundary (http://localhost:3000/@fs/Users/aaron.hammer/Development/ui/packages/lib/src/components/ErrorBoundary/DefaultErrorBoundary.tsx:6:5)
    at ErrorBoundary (http://localhost:3000/@fs/Users/aaron.hammer/Development/ui/packages/lib/src/components/ErrorBoundary/index.tsx:5:26)
    at RenderedRoute (http://localhost:3000/node_modules/.vite/deps/react-router-dom.js?v=193ca8e3:3401:5)
    at RenderErrorBoundary (http://localhost:3000/node_modules/.vite/deps/react-router-dom.js?v=193ca8e3:3361:5)
    at DataRoutes (http://localhost:3000/node_modules/.vite/deps/react-router-dom.js?v=193ca8e3:4377:5)
    at Router (http://localhost:3000/node_modules/.vite/deps/react-router-dom.js?v=193ca8e3:3728:15)
    at RouterProvider (http://localhost:3000/node_modules/.vite/deps/react-router-dom.js?v=193ca8e3:4240:5)
    at App @ http://localhost:3000/node_modules/.vite/deps/chunk-DRJNT4PL.js?v=00382c1f:3
[   45536ms] [WARNING] Cache data may be lost when replacing the %s field of a %s object.

This could cause additional (usually avoidable) network requests to fetch data that were otherwise cached.

To address this problem (which is not a bug in Apollo Client), %sdefine a custom merge function for the %s field, so InMemoryCache can safely merge these objects:

  existing: %o
  incoming: %o

For more information about these options, please refer to the documentation:

  * Ensuring entity objects have IDs: https://go.apollo.dev/c/generating-unique-identifiers
  * Defining custom merge functions: https://go.apollo.dev/c/merging-non-normalized-objects
 project Query either ensure all objects of type Project have an ID or a custom merge function, or  Query.project {__typename: Project, id: evergreen, banner: Object} {__typename: Project, id: evergreen, branch: main, repotrackerError: null} @ http://localhost:3000/node_modules/.vite/deps/chunk-LE7SWVGY.js?v=00382c1f:2942
[ 2337961ms] [ERROR] Failed to load resource: the server responded with a status of 404 (Not Found) @ http://localhost:3000/src/pages/waterfall/TaskOverviewPopup/FailingTests.tsx?t=1773164244278:0
[ 2337961ms] [ERROR] [vite] Failed to reload /src/pages/waterfall/TaskOverviewPopup/FailingTests.tsx. This could be due to syntax errors or importing non-existent modules. (see errors above) @ http://localhost:3000/@vite/client:808
[ 2337965ms] [ERROR] Failed to load resource: the server responded with a status of 404 (Not Found) @ http://localhost:3000/src/components/Stepback/index.tsx?t=1773164244278:0
[ 2337965ms] [ERROR] [vite] Failed to reload /src/components/Stepback/index.tsx. This could be due to syntax errors or importing non-existent modules. (see errors above) @ http://localhost:3000/@vite/client:808
[ 2338049ms] [ERROR] Failed to load resource: the server responded with a status of 404 (Not Found) @ http://localhost:3000/src/components/Stepback/index.tsx?t=1773164244282:0
[ 2338052ms] [ERROR] [vite] Failed to reload /src/components/Stepback/index.tsx. This could be due to syntax errors or importing non-existent modules. (see errors above) @ http://localhost:3000/@vite/client:808
[ 2338092ms] [ERROR] Failed to load resource: the server responded with a status of 404 (Not Found) @ http://localhost:3000/src/components/Stepback/index.tsx?t=1773164244285:0
[ 2338101ms] [ERROR] [vite] Failed to reload /src/components/Stepback/index.tsx. This could be due to syntax errors or importing non-existent modules. (see errors above) @ http://localhost:3000/@vite/client:808
[ 2338112ms] [WARNING] Undefined 'from' passed to readField with arguments %s ["flattenedVersions",<undefined>] @ http://localhost:3000/node_modules/.vite/deps/chunk-LE7SWVGY.js?v=00382c1f:2942
[ 2338112ms] [WARNING] Undefined 'from' passed to readField with arguments %s ["allActiveVersions",<undefined>] @ http://localhost:3000/node_modules/.vite/deps/chunk-LE7SWVGY.js?v=00382c1f:2942
[ 2338190ms] [ERROR] Failed to load resource: the server responded with a status of 404 (Not Found) @ http://localhost:3000/src/components/Stepback/index.tsx?t=1773164244287:0
[ 2338194ms] [ERROR] [vite] Failed to reload /src/components/Stepback/index.tsx. This could be due to syntax errors or importing non-existent modules. (see errors above) @ http://localhost:3000/@vite/client:808
[ 2338276ms] [ERROR] Failed to load resource: the server responded with a status of 404 (Not Found) @ http://localhost:3000/src/components/Stepback/index.tsx?t=1773164244312:0
[ 2338277ms] [ERROR] [vite] Failed to reload /src/components/Stepback/index.tsx. This could be due to syntax errors or importing non-existent modules. (see errors above) @ http://localhost:3000/@vite/client:808
[ 2338278ms] [ERROR] Failed to load resource: the server responded with a status of 404 (Not Found) @ http://localhost:3000/src/pages/waterfall/TaskOverviewPopup/FailingTests.tsx?t=1773164244314:0
[ 2338278ms] [ERROR] [vite] Failed to reload /src/pages/waterfall/TaskOverviewPopup/FailingTests.tsx. This could be due to syntax errors or importing non-existent modules. (see errors above) @ http://localhost:3000/@vite/client:808
