[     382ms] [WARNING] Honeycomb INGEST API key or a collector endpoint was not provided. Starting SDK in debug mode. No traces will be sent. @ http://localhost:3000/@fs/Users/aaron.hammer/Development/ui/packages/lib/src/utils/observability/honeycomb.ts:15
[     458ms] [ERROR] For screen-reader accessibility, label or aria-labelledby must be provided to TextInput. @ http://localhost:3000/node_modules/.vite/deps/chunk-3ODRVZ7D.js?v=15b32c06:189
[     458ms] [ERROR] For screen-reader accessibility, label or aria-labelledby must be provided to TextInput. @ http://localhost:3000/node_modules/.vite/deps/chunk-3ODRVZ7D.js?v=15b32c06:189
[     571ms] [ERROR] For screen-reader accessibility, label or aria-labelledby must be provided to TextInput. @ http://localhost:3000/node_modules/.vite/deps/chunk-3ODRVZ7D.js?v=15b32c06:189
[     571ms] [ERROR] For screen-reader accessibility, label or aria-labelledby must be provided to TextInput. @ http://localhost:3000/node_modules/.vite/deps/chunk-3ODRVZ7D.js?v=15b32c06:189
[     641ms] [ERROR] For screen-reader accessibility, label or aria-labelledby must be provided to TextInput. @ http://localhost:3000/node_modules/.vite/deps/chunk-3ODRVZ7D.js?v=15b32c06:189
[     641ms] [ERROR] For screen-reader accessibility, label or aria-labelledby must be provided to TextInput. @ http://localhost:3000/node_modules/.vite/deps/chunk-3ODRVZ7D.js?v=15b32c06:189
[   32475ms] [ERROR] Failed to load resource: the server responded with a status of 500 (Internal Server Error) @ http://localhost:3000/commit.txt:0
[   48045ms] [WARNING] Undefined 'from' passed to readField with arguments %s ["flattenedVersions",<undefined>] @ http://localhost:3000/node_modules/.vite/deps/chunk-LE7SWVGY.js?v=15b32c06:2942
[   48045ms] [WARNING] Undefined 'from' passed to readField with arguments %s ["allActiveVersions",<undefined>] @ http://localhost:3000/node_modules/.vite/deps/chunk-LE7SWVGY.js?v=15b32c06:2942
[   48160ms] [ERROR] Warning: Received `%s` for a non-boolean attribute `%s`.

If you want to write it to the DOM, pass a string instead: %s="%s" or %s={value.toString()}.%s true rightmost rightmost true rightmost 
    at a
    at LinkWithRef (http://localhost:3000/node_modules/.vite/deps/react-router-dom.js?v=15b32c06:4483:7)
    at http://localhost:3000/node_modules/.vite/deps/chunk-NUNQUF5B.js?v=15b32c06:1548:49
    at _c2 (http://localhost:3000/src/components/TaskBox/index.tsx?t=1772640406078:91:12)
    at WaterfallTask (http://localhost:3000/src/pages/waterfall/WaterfallTask.tsx:11:3)
    at div
    at http://localhost:3000/node_modules/.vite/deps/chunk-NUNQUF5B.js?v=15b32c06:1548:49
    at WidthWatcher (http://localhost:3000/src/pages/waterfall/BuildRow.tsx:214:25)
    at BuildGrid (http://localhost:3000/src/pages/waterfall/BuildRow.tsx:235:3)
    at div
    at http://localhost:3000/node_modules/.vite/deps/chunk-NUNQUF5B.js?v=15b32c06:1548:49
    at VisibilityContainer (http://localhost:3000/src/components/VisibilityContainer/index.tsx:6:3)
    at div
    at http://localhost:3000/node_modules/.vite/deps/chunk-NUNQUF5B.js?v=15b32c06:1548:49
    at BuildRow (http://localhost:3000/src/pages/waterfall/BuildRow.tsx:29:3)
    at BuildVariantProvider (http://localhost:3000/src/pages/waterfall/BuildVariantContext.tsx:6:3)
    at div
    at http://localhost:3000/node_modules/.vite/deps/chunk-NUNQUF5B.js?v=15b32c06:1548:49
    at WaterfallGrid (http://localhost:3000/src/pages/waterfall/WaterfallGrid.tsx:45:3)
    at WaterfallErrorBoundary (http://localhost:3000/src/pages/waterfall/WaterfallErrorBoundary/index.tsx:17:5)
    at Suspense
    at div
    at http://localhost:3000/node_modules/.vite/deps/chunk-NUNQUF5B.js?v=15b32c06:1548:49
    at Waterfall (http://localhost:3000/src/pages/waterfall/index.tsx:23:60)
    at Suspense
    at Loadable
    at ProjectRedirect (http://localhost:3000/src/components/Redirects/ProjectRedirect.tsx?t=1773067104500:6:3)
    at RenderedRoute (http://localhost:3000/node_modules/.vite/deps/react-router-dom.js?v=15b32c06:3401:5)
    at Outlet (http://localhost:3000/node_modules/.vite/deps/react-router-dom.js?v=15b32c06:3721:26)
    at div
    at http://localhost:3000/node_modules/.vite/deps/chunk-NUNQUF5B.js?v=15b32c06:1548:49
    at Layout (http://localhost:3000/src/components/Content/Layout.tsx?t=1773067104500:21:31)
    at RenderedRoute (http://localhost:3000/node_modules/.vite/deps/react-router-dom.js?v=15b32c06:3401:5)
    at Routes (http://localhost:3000/node_modules/.vite/deps/react-router-dom.js?v=15b32c06:3781:5)
    at Content
    at ToastProviderCore (http://localhost:3000/@fs/Users/aaron.hammer/Development/ui/packages/lib/src/context/toast/index.tsx?t=1773067104500:30:30)
    at yt (http://localhost:3000/node_modules/.vite/deps/@leafygreen-ui_toast.js?v=15b32c06:822:15)
    at ToastProvider (http://localhost:3000/@fs/Users/aaron.hammer/Development/ui/packages/lib/src/context/toast/index.tsx?t=1773067104500:125:26)
    at P2 (http://localhost:3000/node_modules/.vite/deps/chunk-6RIDVPHZ.js?v=15b32c06:157:15)
    at v (http://localhost:3000/node_modules/.vite/deps/chunk-6RIDVPHZ.js?v=15b32c06:78:15)
    at w2 (http://localhost:3000/node_modules/.vite/deps/chunk-6RIDVPHZ.js?v=15b32c06:189:15)
    at M2 (http://localhost:3000/node_modules/.vite/deps/chunk-6RIDVPHZ.js?v=15b32c06:175:15)
    at S (http://localhost:3000/node_modules/.vite/deps/chunk-6RIDVPHZ.js?v=15b32c06:213:15)
    at U (http://localhost:3000/node_modules/.vite/deps/chunk-6RIDVPHZ.js?v=15b32c06:238:15)
    at ApolloProvider (http://localhost:3000/node_modules/.vite/deps/@apollo_client_react.js?v=15b32c06:31:3)
    at GQLWrapper (http://localhost:3000/src/gql/GQLWrapper.tsx?t=1773067104500:6:23)
    at ContextProviders (http://localhost:3000/src/context/Providers.tsx?t=1773067104500:6:3)
    at ProtectedRoute (http://localhost:3000/@fs/Users/aaron.hammer/Development/ui/packages/lib/src/components/ProtectedRoute/index.tsx:6:3)
    at RenderedRoute (http://localhost:3000/node_modules/.vite/deps/react-router-dom.js?v=15b32c06:3401:5)
    at Outlet (http://localhost:3000/node_modules/.vite/deps/react-router-dom.js?v=15b32c06:3721:26)
    at AuthProvider (http://localhost:3000/@fs/Users/aaron.hammer/Development/ui/packages/lib/src/context/AuthProvider/index.tsx:28:3)
    at DefaultErrorBoundary (http://localhost:3000/@fs/Users/aaron.hammer/Development/ui/packages/lib/src/components/ErrorBoundary/DefaultErrorBoundary.tsx:6:5)
    at ErrorBoundary (http://localhost:3000/@fs/Users/aaron.hammer/Development/ui/packages/lib/src/components/ErrorBoundary/index.tsx:5:26)
    at RenderedRoute (http://localhost:3000/node_modules/.vite/deps/react-router-dom.js?v=15b32c06:3401:5)
    at RenderErrorBoundary (http://localhost:3000/node_modules/.vite/deps/react-router-dom.js?v=15b32c06:3361:5)
    at DataRoutes (http://localhost:3000/node_modules/.vite/deps/react-router-dom.js?v=15b32c06:4377:5)
    at Router (http://localhost:3000/node_modules/.vite/deps/react-router-dom.js?v=15b32c06:3728:15)
    at RouterProvider (http://localhost:3000/node_modules/.vite/deps/react-router-dom.js?v=15b32c06:4240:5)
    at App @ http://localhost:3000/node_modules/.vite/deps/chunk-DRJNT4PL.js?v=15b32c06:3
[   48160ms] [ERROR] Warning: React does not recognize the `%s` prop on a DOM element. If you intentionally want it to appear in the DOM as a custom attribute, spell it as lowercase `%s` instead. If you accidentally passed it from a parent component, remove it from the DOM element.%s squareSize squaresize 
    at a
    at LinkWithRef (http://localhost:3000/node_modules/.vite/deps/react-router-dom.js?v=15b32c06:4483:7)
    at http://localhost:3000/node_modules/.vite/deps/chunk-NUNQUF5B.js?v=15b32c06:1548:49
    at _c2 (http://localhost:3000/src/components/TaskBox/index.tsx?t=1772640406078:91:12)
    at WaterfallTask (http://localhost:3000/src/pages/waterfall/WaterfallTask.tsx:11:3)
    at div
    at http://localhost:3000/node_modules/.vite/deps/chunk-NUNQUF5B.js?v=15b32c06:1548:49
    at WidthWatcher (http://localhost:3000/src/pages/waterfall/BuildRow.tsx:214:25)
    at BuildGrid (http://localhost:3000/src/pages/waterfall/BuildRow.tsx:235:3)
    at div
    at http://localhost:3000/node_modules/.vite/deps/chunk-NUNQUF5B.js?v=15b32c06:1548:49
    at VisibilityContainer (http://localhost:3000/src/components/VisibilityContainer/index.tsx:6:3)
    at div
    at http://localhost:3000/node_modules/.vite/deps/chunk-NUNQUF5B.js?v=15b32c06:1548:49
    at BuildRow (http://localhost:3000/src/pages/waterfall/BuildRow.tsx:29:3)
    at BuildVariantProvider (http://localhost:3000/src/pages/waterfall/BuildVariantContext.tsx:6:3)
    at div
    at http://localhost:3000/node_modules/.vite/deps/chunk-NUNQUF5B.js?v=15b32c06:1548:49
    at WaterfallGrid (http://localhost:3000/src/pages/waterfall/WaterfallGrid.tsx:45:3)
    at WaterfallErrorBoundary (http://localhost:3000/src/pages/waterfall/WaterfallErrorBoundary/index.tsx:17:5)
    at Suspense
    at div
    at http://localhost:3000/node_modules/.vite/deps/chunk-NUNQUF5B.js?v=15b32c06:1548:49
    at Waterfall (http://localhost:3000/src/pages/waterfall/index.tsx:23:60)
    at Suspense
    at Loadable
    at ProjectRedirect (http://localhost:3000/src/components/Redirects/ProjectRedirect.tsx?t=1773067104500:6:3)
    at RenderedRoute (http://localhost:3000/node_modules/.vite/deps/react-router-dom.js?v=15b32c06:3401:5)
    at Outlet (http://localhost:3000/node_modules/.vite/deps/react-router-dom.js?v=15b32c06:3721:26)
    at div
    at http://localhost:3000/node_modules/.vite/deps/chunk-NUNQUF5B.js?v=15b32c06:1548:49
    at Layout (http://localhost:3000/src/components/Content/Layout.tsx?t=1773067104500:21:31)
    at RenderedRoute (http://localhost:3000/node_modules/.vite/deps/react-router-dom.js?v=15b32c06:3401:5)
    at Routes (http://localhost:3000/node_modules/.vite/deps/react-router-dom.js?v=15b32c06:3781:5)
    at Content
    at ToastProviderCore (http://localhost:3000/@fs/Users/aaron.hammer/Development/ui/packages/lib/src/context/toast/index.tsx?t=1773067104500:30:30)
    at yt (http://localhost:3000/node_modules/.vite/deps/@leafygreen-ui_toast.js?v=15b32c06:822:15)
    at ToastProvider (http://localhost:3000/@fs/Users/aaron.hammer/Development/ui/packages/lib/src/context/toast/index.tsx?t=1773067104500:125:26)
    at P2 (http://localhost:3000/node_modules/.vite/deps/chunk-6RIDVPHZ.js?v=15b32c06:157:15)
    at v (http://localhost:3000/node_modules/.vite/deps/chunk-6RIDVPHZ.js?v=15b32c06:78:15)
    at w2 (http://localhost:3000/node_modules/.vite/deps/chunk-6RIDVPHZ.js?v=15b32c06:189:15)
    at M2 (http://localhost:3000/node_modules/.vite/deps/chunk-6RIDVPHZ.js?v=15b32c06:175:15)
    at S (http://localhost:3000/node_modules/.vite/deps/chunk-6RIDVPHZ.js?v=15b32c06:213:15)
    at U (http://localhost:3000/node_modules/.vite/deps/chunk-6RIDVPHZ.js?v=15b32c06:238:15)
    at ApolloProvider (http://localhost:3000/node_modules/.vite/deps/@apollo_client_react.js?v=15b32c06:31:3)
    at GQLWrapper (http://localhost:3000/src/gql/GQLWrapper.tsx?t=1773067104500:6:23)
    at ContextProviders (http://localhost:3000/src/context/Providers.tsx?t=1773067104500:6:3)
    at ProtectedRoute (http://localhost:3000/@fs/Users/aaron.hammer/Development/ui/packages/lib/src/components/ProtectedRoute/index.tsx:6:3)
    at RenderedRoute (http://localhost:3000/node_modules/.vite/deps/react-router-dom.js?v=15b32c06:3401:5)
    at Outlet (http://localhost:3000/node_modules/.vite/deps/react-router-dom.js?v=15b32c06:3721:26)
    at AuthProvider (http://localhost:3000/@fs/Users/aaron.hammer/Development/ui/packages/lib/src/context/AuthProvider/index.tsx:28:3)
    at DefaultErrorBoundary (http://localhost:3000/@fs/Users/aaron.hammer/Development/ui/packages/lib/src/components/ErrorBoundary/DefaultErrorBoundary.tsx:6:5)
    at ErrorBoundary (http://localhost:3000/@fs/Users/aaron.hammer/Development/ui/packages/lib/src/components/ErrorBoundary/index.tsx:5:26)
    at RenderedRoute (http://localhost:3000/node_modules/.vite/deps/react-router-dom.js?v=15b32c06:3401:5)
    at RenderErrorBoundary (http://localhost:3000/node_modules/.vite/deps/react-router-dom.js?v=15b32c06:3361:5)
    at DataRoutes (http://localhost:3000/node_modules/.vite/deps/react-router-dom.js?v=15b32c06:4377:5)
    at Router (http://localhost:3000/node_modules/.vite/deps/react-router-dom.js?v=15b32c06:3728:15)
    at RouterProvider (http://localhost:3000/node_modules/.vite/deps/react-router-dom.js?v=15b32c06:4240:5)
    at App @ http://localhost:3000/node_modules/.vite/deps/chunk-DRJNT4PL.js?v=15b32c06:3
[   48177ms] [WARNING] Cache data may be lost when replacing the %s field of a %s object.

This could cause additional (usually avoidable) network requests to fetch data that were otherwise cached.

To address this problem (which is not a bug in Apollo Client), %sdefine a custom merge function for the %s field, so InMemoryCache can safely merge these objects:

  existing: %o
  incoming: %o

For more information about these options, please refer to the documentation:

  * Ensuring entity objects have IDs: https://go.apollo.dev/c/generating-unique-identifiers
  * Defining custom merge functions: https://go.apollo.dev/c/merging-non-normalized-objects
 project Query either ensure all objects of type Project have an ID or a custom merge function, or  Query.project {__typename: Project, id: evergreen, branch: main, repotrackerError: null} {__typename: Project, id: evergreen, banner: Object} @ http://localhost:3000/node_modules/.vite/deps/chunk-LE7SWVGY.js?v=15b32c06:2942
[  358922ms] [ERROR] Failed to load resource: the server responded with a status of 404 (Not Found) @ http://localhost:3000/src/components/Banners/NewVersionBanner.tsx?t=1773073625674:0
[  358922ms] [ERROR] [vite] Failed to reload /src/components/Banners/NewVersionBanner.tsx. This could be due to syntax errors or importing non-existent modules. (see errors above) @ http://localhost:3000/@vite/client:808
[  359726ms] [ERROR] Failed to load resource: the server responded with a status of 404 (Not Found) @ http://localhost:3000/src/components/Banners/NewVersionBanner.tsx?t=1773073625675:0
[  359735ms] [ERROR] [vite] Failed to reload /src/components/Banners/NewVersionBanner.tsx. This could be due to syntax errors or importing non-existent modules. (see errors above) @ http://localhost:3000/@vite/client:808
[  359790ms] [WARNING] Undefined 'from' passed to readField with arguments %s ["flattenedVersions",<undefined>] @ http://localhost:3000/node_modules/.vite/deps/chunk-LE7SWVGY.js?v=15b32c06:2942
[  359790ms] [WARNING] Undefined 'from' passed to readField with arguments %s ["allActiveVersions",<undefined>] @ http://localhost:3000/node_modules/.vite/deps/chunk-LE7SWVGY.js?v=15b32c06:2942
[  360132ms] [ERROR] Failed to load resource: the server responded with a status of 404 (Not Found) @ http://localhost:3000/src/components/Stepback/index.tsx?t=1773073627629:0
[  360145ms] [ERROR] [vite] Failed to reload /src/components/Stepback/index.tsx. This could be due to syntax errors or importing non-existent modules. (see errors above) @ http://localhost:3000/@vite/client:808
[  360279ms] [ERROR] Failed to load resource: the server responded with a status of 404 (Not Found) @ http://localhost:3000/src/components/Stepback/index.tsx?t=1773073627633:0
[  360280ms] [ERROR] [vite] Failed to reload /src/components/Stepback/index.tsx. This could be due to syntax errors or importing non-existent modules. (see errors above) @ http://localhost:3000/@vite/client:808
[  360299ms] [ERROR] Failed to load resource: the server responded with a status of 404 (Not Found) @ http://localhost:3000/src/components/Stepback/index.tsx?t=1773073627636:0
[  360299ms] [ERROR] [vite] Failed to reload /src/components/Stepback/index.tsx. This could be due to syntax errors or importing non-existent modules. (see errors above) @ http://localhost:3000/@vite/client:808
[  360316ms] [ERROR] Failed to load resource: the server responded with a status of 404 (Not Found) @ http://localhost:3000/src/components/Stepback/index.tsx?t=1773073627638:0
[  360316ms] [ERROR] [vite] Failed to reload /src/components/Stepback/index.tsx. This could be due to syntax errors or importing non-existent modules. (see errors above) @ http://localhost:3000/@vite/client:808
[  360491ms] [ERROR] Failed to load resource: the server responded with a status of 404 (Not Found) @ http://localhost:3000/src/components/Banners/NewVersionBanner.tsx?t=1773073628311:0
[  360491ms] [ERROR] [vite] Failed to reload /src/components/Banners/NewVersionBanner.tsx. This could be due to syntax errors or importing non-existent modules. (see errors above) @ http://localhost:3000/@vite/client:808
[  360503ms] [ERROR] Failed to load resource: the server responded with a status of 404 (Not Found) @ http://localhost:3000/src/components/Stepback/index.tsx?t=1773073628312:0
[  360503ms] [ERROR] [vite] Failed to reload /src/components/Stepback/index.tsx. This could be due to syntax errors or importing non-existent modules. (see errors above) @ http://localhost:3000/@vite/client:808
[  361487ms] [WARNING] Honeycomb INGEST API key or a collector endpoint was not provided. Starting SDK in debug mode. No traces will be sent. @ http://localhost:3000/@fs/Users/aaron.hammer/Development/ui/packages/lib/src/utils/observability/honeycomb.ts:15
[  361945ms] [WARNING] Undefined 'from' passed to readField with arguments %s ["flattenedVersions",<undefined>] @ http://localhost:3000/node_modules/.vite/deps/chunk-LE7SWVGY.js?v=15b32c06:2942
[  361945ms] [WARNING] Undefined 'from' passed to readField with arguments %s ["allActiveVersions",<undefined>] @ http://localhost:3000/node_modules/.vite/deps/chunk-LE7SWVGY.js?v=15b32c06:2942
[  362041ms] [ERROR] Warning: Received `%s` for a non-boolean attribute `%s`.

If you want to write it to the DOM, pass a string instead: %s="%s" or %s={value.toString()}.%s true rightmost rightmost true rightmost 
    at a
    at LinkWithRef (http://localhost:3000/node_modules/.vite/deps/react-router-dom.js?v=15b32c06:4483:7)
    at http://localhost:3000/node_modules/.vite/deps/chunk-NUNQUF5B.js?v=15b32c06:1548:49
    at _c2 (http://localhost:3000/src/components/TaskBox/index.tsx?t=1772640406078:91:12)
    at WaterfallTask (http://localhost:3000/src/pages/waterfall/WaterfallTask.tsx?t=1773073628315:11:3)
    at div
    at http://localhost:3000/node_modules/.vite/deps/chunk-NUNQUF5B.js?v=15b32c06:1548:49
    at WidthWatcher (http://localhost:3000/src/pages/waterfall/BuildRow.tsx?t=1773073628315:214:25)
    at BuildGrid (http://localhost:3000/src/pages/waterfall/BuildRow.tsx?t=1773073628315:235:3)
    at div
    at http://localhost:3000/node_modules/.vite/deps/chunk-NUNQUF5B.js?v=15b32c06:1548:49
    at VisibilityContainer (http://localhost:3000/src/components/VisibilityContainer/index.tsx:6:3)
    at div
    at http://localhost:3000/node_modules/.vite/deps/chunk-NUNQUF5B.js?v=15b32c06:1548:49
    at BuildRow (http://localhost:3000/src/pages/waterfall/BuildRow.tsx?t=1773073628315:29:3)
    at BuildVariantProvider (http://localhost:3000/src/pages/waterfall/BuildVariantContext.tsx:6:3)
    at div
    at http://localhost:3000/node_modules/.vite/deps/chunk-NUNQUF5B.js?v=15b32c06:1548:49
    at WaterfallGrid (http://localhost:3000/src/pages/waterfall/WaterfallGrid.tsx?t=1773073627629:45:3)
    at WaterfallErrorBoundary (http://localhost:3000/src/pages/waterfall/WaterfallErrorBoundary/index.tsx?t=1773073627629:17:5)
    at Suspense
    at div
    at http://localhost:3000/node_modules/.vite/deps/chunk-NUNQUF5B.js?v=15b32c06:1548:49
    at Waterfall (http://localhost:3000/src/pages/waterfall/index.tsx?t=1773073627629:23:60)
    at Suspense
    at Loadable
    at ProjectRedirect (http://localhost:3000/src/components/Redirects/ProjectRedirect.tsx?t=1773073627629:6:3)
    at RenderedRoute (http://localhost:3000/node_modules/.vite/deps/react-router-dom.js?v=15b32c06:3401:5)
    at Outlet (http://localhost:3000/node_modules/.vite/deps/react-router-dom.js?v=15b32c06:3721:26)
    at div
    at http://localhost:3000/node_modules/.vite/deps/chunk-NUNQUF5B.js?v=15b32c06:1548:49
    at Layout (http://localhost:3000/src/components/Content/Layout.tsx?t=1773073628311:21:31)
    at RenderedRoute (http://localhost:3000/node_modules/.vite/deps/react-router-dom.js?v=15b32c06:3401:5)
    at Routes (http://localhost:3000/node_modules/.vite/deps/react-router-dom.js?v=15b32c06:3781:5)
    at Content
    at ToastProviderCore (http://localhost:3000/@fs/Users/aaron.hammer/Development/ui/packages/lib/src/context/toast/index.tsx?t=1773067104500:30:30)
    at yt (http://localhost:3000/node_modules/.vite/deps/@leafygreen-ui_toast.js?v=15b32c06:822:15)
    at ToastProvider (http://localhost:3000/@fs/Users/aaron.hammer/Development/ui/packages/lib/src/context/toast/index.tsx?t=1773067104500:125:26)
    at P2 (http://localhost:3000/node_modules/.vite/deps/chunk-6RIDVPHZ.js?v=15b32c06:157:15)
    at v (http://localhost:3000/node_modules/.vite/deps/chunk-6RIDVPHZ.js?v=15b32c06:78:15)
    at w2 (http://localhost:3000/node_modules/.vite/deps/chunk-6RIDVPHZ.js?v=15b32c06:189:15)
    at M2 (http://localhost:3000/node_modules/.vite/deps/chunk-6RIDVPHZ.js?v=15b32c06:175:15)
    at S (http://localhost:3000/node_modules/.vite/deps/chunk-6RIDVPHZ.js?v=15b32c06:213:15)
    at U (http://localhost:3000/node_modules/.vite/deps/chunk-6RIDVPHZ.js?v=15b32c06:238:15)
    at ApolloProvider (http://localhost:3000/node_modules/.vite/deps/@apollo_client_react.js?v=15b32c06:31:3)
    at GQLWrapper (http://localhost:3000/src/gql/GQLWrapper.tsx?t=1773073627629:6:23)
    at ContextProviders (http://localhost:3000/src/context/Providers.tsx?t=1773073627629:6:3)
    at ProtectedRoute (http://localhost:3000/@fs/Users/aaron.hammer/Development/ui/packages/lib/src/components/ProtectedRoute/index.tsx:6:3)
    at RenderedRoute (http://localhost:3000/node_modules/.vite/deps/react-router-dom.js?v=15b32c06:3401:5)
    at Outlet (http://localhost:3000/node_modules/.vite/deps/react-router-dom.js?v=15b32c06:3721:26)
    at AuthProvider (http://localhost:3000/@fs/Users/aaron.hammer/Development/ui/packages/lib/src/context/AuthProvider/index.tsx:28:3)
    at DefaultErrorBoundary (http://localhost:3000/@fs/Users/aaron.hammer/Development/ui/packages/lib/src/components/ErrorBoundary/DefaultErrorBoundary.tsx:6:5)
    at ErrorBoundary (http://localhost:3000/@fs/Users/aaron.hammer/Development/ui/packages/lib/src/components/ErrorBoundary/index.tsx:5:26)
    at RenderedRoute (http://localhost:3000/node_modules/.vite/deps/react-router-dom.js?v=15b32c06:3401:5)
    at RenderErrorBoundary (http://localhost:3000/node_modules/.vite/deps/react-router-dom.js?v=15b32c06:3361:5)
    at DataRoutes (http://localhost:3000/node_modules/.vite/deps/react-router-dom.js?v=15b32c06:4377:5)
    at Router (http://localhost:3000/node_modules/.vite/deps/react-router-dom.js?v=15b32c06:3728:15)
    at RouterProvider (http://localhost:3000/node_modules/.vite/deps/react-router-dom.js?v=15b32c06:4240:5)
    at App @ http://localhost:3000/node_modules/.vite/deps/chunk-DRJNT4PL.js?v=15b32c06:3
[  362042ms] [ERROR] Warning: React does not recognize the `%s` prop on a DOM element. If you intentionally want it to appear in the DOM as a custom attribute, spell it as lowercase `%s` instead. If you accidentally passed it from a parent component, remove it from the DOM element.%s squareSize squaresize 
    at a
    at LinkWithRef (http://localhost:3000/node_modules/.vite/deps/react-router-dom.js?v=15b32c06:4483:7)
    at http://localhost:3000/node_modules/.vite/deps/chunk-NUNQUF5B.js?v=15b32c06:1548:49
    at _c2 (http://localhost:3000/src/components/TaskBox/index.tsx?t=1772640406078:91:12)
    at WaterfallTask (http://localhost:3000/src/pages/waterfall/WaterfallTask.tsx?t=1773073628315:11:3)
    at div
    at http://localhost:3000/node_modules/.vite/deps/chunk-NUNQUF5B.js?v=15b32c06:1548:49
    at WidthWatcher (http://localhost:3000/src/pages/waterfall/BuildRow.tsx?t=1773073628315:214:25)
    at BuildGrid (http://localhost:3000/src/pages/waterfall/BuildRow.tsx?t=1773073628315:235:3)
    at div
    at http://localhost:3000/node_modules/.vite/deps/chunk-NUNQUF5B.js?v=15b32c06:1548:49
    at VisibilityContainer (http://localhost:3000/src/components/VisibilityContainer/index.tsx:6:3)
    at div
    at http://localhost:3000/node_modules/.vite/deps/chunk-NUNQUF5B.js?v=15b32c06:1548:49
    at BuildRow (http://localhost:3000/src/pages/waterfall/BuildRow.tsx?t=1773073628315:29:3)
    at BuildVariantProvider (http://localhost:3000/src/pages/waterfall/BuildVariantContext.tsx:6:3)
    at div
    at http://localhost:3000/node_modules/.vite/deps/chunk-NUNQUF5B.js?v=15b32c06:1548:49
    at WaterfallGrid (http://localhost:3000/src/pages/waterfall/WaterfallGrid.tsx?t=1773073627629:45:3)
    at WaterfallErrorBoundary (http://localhost:3000/src/pages/waterfall/WaterfallErrorBoundary/index.tsx?t=1773073627629:17:5)
    at Suspense
    at div
    at http://localhost:3000/node_modules/.vite/deps/chunk-NUNQUF5B.js?v=15b32c06:1548:49
    at Waterfall (http://localhost:3000/src/pages/waterfall/index.tsx?t=1773073627629:23:60)
    at Suspense
    at Loadable
    at ProjectRedirect (http://localhost:3000/src/components/Redirects/ProjectRedirect.tsx?t=1773073627629:6:3)
    at RenderedRoute (http://localhost:3000/node_modules/.vite/deps/react-router-dom.js?v=15b32c06:3401:5)
    at Outlet (http://localhost:3000/node_modules/.vite/deps/react-router-dom.js?v=15b32c06:3721:26)
    at div
    at http://localhost:3000/node_modules/.vite/deps/chunk-NUNQUF5B.js?v=15b32c06:1548:49
    at Layout (http://localhost:3000/src/components/Content/Layout.tsx?t=1773073628311:21:31)
    at RenderedRoute (http://localhost:3000/node_modules/.vite/deps/react-router-dom.js?v=15b32c06:3401:5)
    at Routes (http://localhost:3000/node_modules/.vite/deps/react-router-dom.js?v=15b32c06:3781:5)
    at Content
    at ToastProviderCore (http://localhost:3000/@fs/Users/aaron.hammer/Development/ui/packages/lib/src/context/toast/index.tsx?t=1773067104500:30:30)
    at yt (http://localhost:3000/node_modules/.vite/deps/@leafygreen-ui_toast.js?v=15b32c06:822:15)
    at ToastProvider (http://localhost:3000/@fs/Users/aaron.hammer/Development/ui/packages/lib/src/context/toast/index.tsx?t=1773067104500:125:26)
    at P2 (http://localhost:3000/node_modules/.vite/deps/chunk-6RIDVPHZ.js?v=15b32c06:157:15)
    at v (http://localhost:3000/node_modules/.vite/deps/chunk-6RIDVPHZ.js?v=15b32c06:78:15)
    at w2 (http://localhost:3000/node_modules/.vite/deps/chunk-6RIDVPHZ.js?v=15b32c06:189:15)
    at M2 (http://localhost:3000/node_modules/.vite/deps/chunk-6RIDVPHZ.js?v=15b32c06:175:15)
    at S (http://localhost:3000/node_modules/.vite/deps/chunk-6RIDVPHZ.js?v=15b32c06:213:15)
    at U (http://localhost:3000/node_modules/.vite/deps/chunk-6RIDVPHZ.js?v=15b32c06:238:15)
    at ApolloProvider (http://localhost:3000/node_modules/.vite/deps/@apollo_client_react.js?v=15b32c06:31:3)
    at GQLWrapper (http://localhost:3000/src/gql/GQLWrapper.tsx?t=1773073627629:6:23)
    at ContextProviders (http://localhost:3000/src/context/Providers.tsx?t=1773073627629:6:3)
    at ProtectedRoute (http://localhost:3000/@fs/Users/aaron.hammer/Development/ui/packages/lib/src/components/ProtectedRoute/index.tsx:6:3)
    at RenderedRoute (http://localhost:3000/node_modules/.vite/deps/react-router-dom.js?v=15b32c06:3401:5)
    at Outlet (http://localhost:3000/node_modules/.vite/deps/react-router-dom.js?v=15b32c06:3721:26)
    at AuthProvider (http://localhost:3000/@fs/Users/aaron.hammer/Development/ui/packages/lib/src/context/AuthProvider/index.tsx:28:3)
    at DefaultErrorBoundary (http://localhost:3000/@fs/Users/aaron.hammer/Development/ui/packages/lib/src/components/ErrorBoundary/DefaultErrorBoundary.tsx:6:5)
    at ErrorBoundary (http://localhost:3000/@fs/Users/aaron.hammer/Development/ui/packages/lib/src/components/ErrorBoundary/index.tsx:5:26)
    at RenderedRoute (http://localhost:3000/node_modules/.vite/deps/react-router-dom.js?v=15b32c06:3401:5)
    at RenderErrorBoundary (http://localhost:3000/node_modules/.vite/deps/react-router-dom.js?v=15b32c06:3361:5)
    at DataRoutes (http://localhost:3000/node_modules/.vite/deps/react-router-dom.js?v=15b32c06:4377:5)
    at Router (http://localhost:3000/node_modules/.vite/deps/react-router-dom.js?v=15b32c06:3728:15)
    at RouterProvider (http://localhost:3000/node_modules/.vite/deps/react-router-dom.js?v=15b32c06:4240:5)
    at App @ http://localhost:3000/node_modules/.vite/deps/chunk-DRJNT4PL.js?v=15b32c06:3
[  362062ms] [WARNING] Cache data may be lost when replacing the %s field of a %s object.

This could cause additional (usually avoidable) network requests to fetch data that were otherwise cached.

To address this problem (which is not a bug in Apollo Client), %sdefine a custom merge function for the %s field, so InMemoryCache can safely merge these objects:

  existing: %o
  incoming: %o

For more information about these options, please refer to the documentation:

  * Ensuring entity objects have IDs: https://go.apollo.dev/c/generating-unique-identifiers
  * Defining custom merge functions: https://go.apollo.dev/c/merging-non-normalized-objects
 project Query either ensure all objects of type Project have an ID or a custom merge function, or  Query.project {__typename: Project, id: evergreen, banner: Object} {__typename: Project, id: evergreen, branch: main, repotrackerError: null} @ http://localhost:3000/node_modules/.vite/deps/chunk-LE7SWVGY.js?v=15b32c06:2942
[  458776ms] [ERROR] Failed to load resource: the server responded with a status of 404 (Not Found) @ http://localhost:3000/src/pages/task/metadata/Stepback.tsx?t=1773073724880:0
[  458777ms] [ERROR] [vite] Failed to reload /src/pages/task/metadata/Stepback.tsx. This could be due to syntax errors or importing non-existent modules. (see errors above) @ http://localhost:3000/@vite/client:808
[  458842ms] [ERROR] Failed to load resource: the server responded with a status of 404 (Not Found) @ http://localhost:3000/src/pages/task/metadata/Stepback.tsx?t=1773073724884:0
[  458842ms] [ERROR] [vite] Failed to reload /src/pages/task/metadata/Stepback.tsx. This could be due to syntax errors or importing non-existent modules. (see errors above) @ http://localhost:3000/@vite/client:808
[  458844ms] [ERROR] Failed to load resource: the server responded with a status of 404 (Not Found) @ http://localhost:3000/src/pages/task/metadata/Stepback.tsx?t=1773073724887:0
[  458844ms] [ERROR] [vite] Failed to reload /src/pages/task/metadata/Stepback.tsx. This could be due to syntax errors or importing non-existent modules. (see errors above) @ http://localhost:3000/@vite/client:808
[  458847ms] [ERROR] Failed to load resource: the server responded with a status of 404 (Not Found) @ http://localhost:3000/src/pages/task/metadata/Stepback.tsx?t=1773073724889:0
[  458847ms] [ERROR] [vite] Failed to reload /src/pages/task/metadata/Stepback.tsx. This could be due to syntax errors or importing non-existent modules. (see errors above) @ http://localhost:3000/@vite/client:808
[  458931ms] [ERROR] Failed to load resource: the server responded with a status of 404 (Not Found) @ http://localhost:3000/src/pages/task/metadata/Stepback.tsx?t=1773073724925:0
[  458931ms] [ERROR] [vite] Failed to reload /src/pages/task/metadata/Stepback.tsx. This could be due to syntax errors or importing non-existent modules. (see errors above) @ http://localhost:3000/@vite/client:808
[  458976ms] [WARNING] Undefined 'from' passed to readField with arguments %s ["flattenedVersions",<undefined>] @ http://localhost:3000/node_modules/.vite/deps/chunk-LE7SWVGY.js?v=15b32c06:2942
[  458976ms] [WARNING] Undefined 'from' passed to readField with arguments %s ["allActiveVersions",<undefined>] @ http://localhost:3000/node_modules/.vite/deps/chunk-LE7SWVGY.js?v=15b32c06:2942
[  460300ms] [WARNING] Honeycomb INGEST API key or a collector endpoint was not provided. Starting SDK in debug mode. No traces will be sent. @ http://localhost:3000/@fs/Users/aaron.hammer/Development/ui/packages/lib/src/utils/observability/honeycomb.ts:15
[  460766ms] [WARNING] Undefined 'from' passed to readField with arguments %s ["flattenedVersions",<undefined>] @ http://localhost:3000/node_modules/.vite/deps/chunk-LE7SWVGY.js?v=15b32c06:2942
[  460766ms] [WARNING] Undefined 'from' passed to readField with arguments %s ["allActiveVersions",<undefined>] @ http://localhost:3000/node_modules/.vite/deps/chunk-LE7SWVGY.js?v=15b32c06:2942
[  460868ms] [ERROR] Warning: Received `%s` for a non-boolean attribute `%s`.

If you want to write it to the DOM, pass a string instead: %s="%s" or %s={value.toString()}.%s true rightmost rightmost true rightmost 
    at a
    at LinkWithRef (http://localhost:3000/node_modules/.vite/deps/react-router-dom.js?v=15b32c06:4483:7)
    at http://localhost:3000/node_modules/.vite/deps/chunk-NUNQUF5B.js?v=15b32c06:1548:49
    at _c2 (http://localhost:3000/src/components/TaskBox/index.tsx?t=1772640406078:91:12)
    at WaterfallTask (http://localhost:3000/src/pages/waterfall/WaterfallTask.tsx?t=1773073724927:11:3)
    at div
    at http://localhost:3000/node_modules/.vite/deps/chunk-NUNQUF5B.js?v=15b32c06:1548:49
    at WidthWatcher (http://localhost:3000/src/pages/waterfall/BuildRow.tsx?t=1773073724927:214:25)
    at BuildGrid (http://localhost:3000/src/pages/waterfall/BuildRow.tsx?t=1773073724927:235:3)
    at div
    at http://localhost:3000/node_modules/.vite/deps/chunk-NUNQUF5B.js?v=15b32c06:1548:49
    at VisibilityContainer (http://localhost:3000/src/components/VisibilityContainer/index.tsx:6:3)
    at div
    at http://localhost:3000/node_modules/.vite/deps/chunk-NUNQUF5B.js?v=15b32c06:1548:49
    at BuildRow (http://localhost:3000/src/pages/waterfall/BuildRow.tsx?t=1773073724927:29:3)
    at BuildVariantProvider (http://localhost:3000/src/pages/waterfall/BuildVariantContext.tsx:6:3)
    at div
    at http://localhost:3000/node_modules/.vite/deps/chunk-NUNQUF5B.js?v=15b32c06:1548:49
    at WaterfallGrid (http://localhost:3000/src/pages/waterfall/WaterfallGrid.tsx?t=1773073724927:45:3)
    at WaterfallErrorBoundary (http://localhost:3000/src/pages/waterfall/WaterfallErrorBoundary/index.tsx?t=1773073724880:17:5)
    at Suspense
    at div
    at http://localhost:3000/node_modules/.vite/deps/chunk-NUNQUF5B.js?v=15b32c06:1548:49
    at Waterfall (http://localhost:3000/src/pages/waterfall/index.tsx?t=1773073724927:23:60)
    at Suspense
    at Loadable
    at ProjectRedirect (http://localhost:3000/src/components/Redirects/ProjectRedirect.tsx?t=1773073724927:6:3)
    at RenderedRoute (http://localhost:3000/node_modules/.vite/deps/react-router-dom.js?v=15b32c06:3401:5)
    at Outlet (http://localhost:3000/node_modules/.vite/deps/react-router-dom.js?v=15b32c06:3721:26)
    at div
    at http://localhost:3000/node_modules/.vite/deps/chunk-NUNQUF5B.js?v=15b32c06:1548:49
    at Layout (http://localhost:3000/src/components/Content/Layout.tsx?t=1773073724927:21:31)
    at RenderedRoute (http://localhost:3000/node_modules/.vite/deps/react-router-dom.js?v=15b32c06:3401:5)
    at Routes (http://localhost:3000/node_modules/.vite/deps/react-router-dom.js?v=15b32c06:3781:5)
    at Content
    at ToastProviderCore (http://localhost:3000/@fs/Users/aaron.hammer/Development/ui/packages/lib/src/context/toast/index.tsx?t=1773067104500:30:30)
    at yt (http://localhost:3000/node_modules/.vite/deps/@leafygreen-ui_toast.js?v=15b32c06:822:15)
    at ToastProvider (http://localhost:3000/@fs/Users/aaron.hammer/Development/ui/packages/lib/src/context/toast/index.tsx?t=1773067104500:125:26)
    at P2 (http://localhost:3000/node_modules/.vite/deps/chunk-6RIDVPHZ.js?v=15b32c06:157:15)
    at v (http://localhost:3000/node_modules/.vite/deps/chunk-6RIDVPHZ.js?v=15b32c06:78:15)
    at w2 (http://localhost:3000/node_modules/.vite/deps/chunk-6RIDVPHZ.js?v=15b32c06:189:15)
    at M2 (http://localhost:3000/node_modules/.vite/deps/chunk-6RIDVPHZ.js?v=15b32c06:175:15)
    at S (http://localhost:3000/node_modules/.vite/deps/chunk-6RIDVPHZ.js?v=15b32c06:213:15)
    at U (http://localhost:3000/node_modules/.vite/deps/chunk-6RIDVPHZ.js?v=15b32c06:238:15)
    at ApolloProvider (http://localhost:3000/node_modules/.vite/deps/@apollo_client_react.js?v=15b32c06:31:3)
    at GQLWrapper (http://localhost:3000/src/gql/GQLWrapper.tsx?t=1773073724927:6:23)
    at ContextProviders (http://localhost:3000/src/context/Providers.tsx?t=1773073724927:6:3)
    at ProtectedRoute (http://localhost:3000/@fs/Users/aaron.hammer/Development/ui/packages/lib/src/components/ProtectedRoute/index.tsx:6:3)
    at RenderedRoute (http://localhost:3000/node_modules/.vite/deps/react-router-dom.js?v=15b32c06:3401:5)
    at Outlet (http://localhost:3000/node_modules/.vite/deps/react-router-dom.js?v=15b32c06:3721:26)
    at AuthProvider (http://localhost:3000/@fs/Users/aaron.hammer/Development/ui/packages/lib/src/context/AuthProvider/index.tsx:28:3)
    at DefaultErrorBoundary (http://localhost:3000/@fs/Users/aaron.hammer/Development/ui/packages/lib/src/components/ErrorBoundary/DefaultErrorBoundary.tsx:6:5)
    at ErrorBoundary (http://localhost:3000/@fs/Users/aaron.hammer/Development/ui/packages/lib/src/components/ErrorBoundary/index.tsx:5:26)
    at RenderedRoute (http://localhost:3000/node_modules/.vite/deps/react-router-dom.js?v=15b32c06:3401:5)
    at RenderErrorBoundary (http://localhost:3000/node_modules/.vite/deps/react-router-dom.js?v=15b32c06:3361:5)
    at DataRoutes (http://localhost:3000/node_modules/.vite/deps/react-router-dom.js?v=15b32c06:4377:5)
    at Router (http://localhost:3000/node_modules/.vite/deps/react-router-dom.js?v=15b32c06:3728:15)
    at RouterProvider (http://localhost:3000/node_modules/.vite/deps/react-router-dom.js?v=15b32c06:4240:5)
    at App @ http://localhost:3000/node_modules/.vite/deps/chunk-DRJNT4PL.js?v=15b32c06:3
[  460868ms] [ERROR] Warning: React does not recognize the `%s` prop on a DOM element. If you intentionally want it to appear in the DOM as a custom attribute, spell it as lowercase `%s` instead. If you accidentally passed it from a parent component, remove it from the DOM element.%s squareSize squaresize 
    at a
    at LinkWithRef (http://localhost:3000/node_modules/.vite/deps/react-router-dom.js?v=15b32c06:4483:7)
    at http://localhost:3000/node_modules/.vite/deps/chunk-NUNQUF5B.js?v=15b32c06:1548:49
    at _c2 (http://localhost:3000/src/components/TaskBox/index.tsx?t=1772640406078:91:12)
    at WaterfallTask (http://localhost:3000/src/pages/waterfall/WaterfallTask.tsx?t=1773073724927:11:3)
    at div
    at http://localhost:3000/node_modules/.vite/deps/chunk-NUNQUF5B.js?v=15b32c06:1548:49
    at WidthWatcher (http://localhost:3000/src/pages/waterfall/BuildRow.tsx?t=1773073724927:214:25)
    at BuildGrid (http://localhost:3000/src/pages/waterfall/BuildRow.tsx?t=1773073724927:235:3)
    at div
    at http://localhost:3000/node_modules/.vite/deps/chunk-NUNQUF5B.js?v=15b32c06:1548:49
    at VisibilityContainer (http://localhost:3000/src/components/VisibilityContainer/index.tsx:6:3)
    at div
    at http://localhost:3000/node_modules/.vite/deps/chunk-NUNQUF5B.js?v=15b32c06:1548:49
    at BuildRow (http://localhost:3000/src/pages/waterfall/BuildRow.tsx?t=1773073724927:29:3)
    at BuildVariantProvider (http://localhost:3000/src/pages/waterfall/BuildVariantContext.tsx:6:3)
    at div
    at http://localhost:3000/node_modules/.vite/deps/chunk-NUNQUF5B.js?v=15b32c06:1548:49
    at WaterfallGrid (http://localhost:3000/src/pages/waterfall/WaterfallGrid.tsx?t=1773073724927:45:3)
    at WaterfallErrorBoundary (http://localhost:3000/src/pages/waterfall/WaterfallErrorBoundary/index.tsx?t=1773073724880:17:5)
    at Suspense
    at div
    at http://localhost:3000/node_modules/.vite/deps/chunk-NUNQUF5B.js?v=15b32c06:1548:49
    at Waterfall (http://localhost:3000/src/pages/waterfall/index.tsx?t=1773073724927:23:60)
    at Suspense
    at Loadable
    at ProjectRedirect (http://localhost:3000/src/components/Redirects/ProjectRedirect.tsx?t=1773073724927:6:3)
    at RenderedRoute (http://localhost:3000/node_modules/.vite/deps/react-router-dom.js?v=15b32c06:3401:5)
    at Outlet (http://localhost:3000/node_modules/.vite/deps/react-router-dom.js?v=15b32c06:3721:26)
    at div
    at http://localhost:3000/node_modules/.vite/deps/chunk-NUNQUF5B.js?v=15b32c06:1548:49
    at Layout (http://localhost:3000/src/components/Content/Layout.tsx?t=1773073724927:21:31)
    at RenderedRoute (http://localhost:3000/node_modules/.vite/deps/react-router-dom.js?v=15b32c06:3401:5)
    at Routes (http://localhost:3000/node_modules/.vite/deps/react-router-dom.js?v=15b32c06:3781:5)
    at Content
    at ToastProviderCore (http://localhost:3000/@fs/Users/aaron.hammer/Development/ui/packages/lib/src/context/toast/index.tsx?t=1773067104500:30:30)
    at yt (http://localhost:3000/node_modules/.vite/deps/@leafygreen-ui_toast.js?v=15b32c06:822:15)
    at ToastProvider (http://localhost:3000/@fs/Users/aaron.hammer/Development/ui/packages/lib/src/context/toast/index.tsx?t=1773067104500:125:26)
    at P2 (http://localhost:3000/node_modules/.vite/deps/chunk-6RIDVPHZ.js?v=15b32c06:157:15)
    at v (http://localhost:3000/node_modules/.vite/deps/chunk-6RIDVPHZ.js?v=15b32c06:78:15)
    at w2 (http://localhost:3000/node_modules/.vite/deps/chunk-6RIDVPHZ.js?v=15b32c06:189:15)
    at M2 (http://localhost:3000/node_modules/.vite/deps/chunk-6RIDVPHZ.js?v=15b32c06:175:15)
    at S (http://localhost:3000/node_modules/.vite/deps/chunk-6RIDVPHZ.js?v=15b32c06:213:15)
    at U (http://localhost:3000/node_modules/.vite/deps/chunk-6RIDVPHZ.js?v=15b32c06:238:15)
    at ApolloProvider (http://localhost:3000/node_modules/.vite/deps/@apollo_client_react.js?v=15b32c06:31:3)
    at GQLWrapper (http://localhost:3000/src/gql/GQLWrapper.tsx?t=1773073724927:6:23)
    at ContextProviders (http://localhost:3000/src/context/Providers.tsx?t=1773073724927:6:3)
    at ProtectedRoute (http://localhost:3000/@fs/Users/aaron.hammer/Development/ui/packages/lib/src/components/ProtectedRoute/index.tsx:6:3)
    at RenderedRoute (http://localhost:3000/node_modules/.vite/deps/react-router-dom.js?v=15b32c06:3401:5)
    at Outlet (http://localhost:3000/node_modules/.vite/deps/react-router-dom.js?v=15b32c06:3721:26)
    at AuthProvider (http://localhost:3000/@fs/Users/aaron.hammer/Development/ui/packages/lib/src/context/AuthProvider/index.tsx:28:3)
    at DefaultErrorBoundary (http://localhost:3000/@fs/Users/aaron.hammer/Development/ui/packages/lib/src/components/ErrorBoundary/DefaultErrorBoundary.tsx:6:5)
    at ErrorBoundary (http://localhost:3000/@fs/Users/aaron.hammer/Development/ui/packages/lib/src/components/ErrorBoundary/index.tsx:5:26)
    at RenderedRoute (http://localhost:3000/node_modules/.vite/deps/react-router-dom.js?v=15b32c06:3401:5)
    at RenderErrorBoundary (http://localhost:3000/node_modules/.vite/deps/react-router-dom.js?v=15b32c06:3361:5)
    at DataRoutes (http://localhost:3000/node_modules/.vite/deps/react-router-dom.js?v=15b32c06:4377:5)
    at Router (http://localhost:3000/node_modules/.vite/deps/react-router-dom.js?v=15b32c06:3728:15)
    at RouterProvider (http://localhost:3000/node_modules/.vite/deps/react-router-dom.js?v=15b32c06:4240:5)
    at App @ http://localhost:3000/node_modules/.vite/deps/chunk-DRJNT4PL.js?v=15b32c06:3
[  460885ms] [WARNING] Cache data may be lost when replacing the %s field of a %s object.

This could cause additional (usually avoidable) network requests to fetch data that were otherwise cached.

To address this problem (which is not a bug in Apollo Client), %sdefine a custom merge function for the %s field, so InMemoryCache can safely merge these objects:

  existing: %o
  incoming: %o

For more information about these options, please refer to the documentation:

  * Ensuring entity objects have IDs: https://go.apollo.dev/c/generating-unique-identifiers
  * Defining custom merge functions: https://go.apollo.dev/c/merging-non-normalized-objects
 project Query either ensure all objects of type Project have an ID or a custom merge function, or  Query.project {__typename: Project, id: evergreen, branch: main, repotrackerError: null} {__typename: Project, id: evergreen, banner: Object} @ http://localhost:3000/node_modules/.vite/deps/chunk-LE7SWVGY.js?v=15b32c06:2942
[  496994ms] [ERROR] Failed to load resource: the server responded with a status of 404 (Not Found) @ http://localhost:3000/@fs/Users/aaron.hammer/Development/ui/packages/lib/src/hooks/useVersionRefresh/index.ts?t=1773073763593:0
[  496994ms] [ERROR] [vite] Failed to reload /src/pages/task/taskTabs/testsTable/TestsTable.tsx. This could be due to syntax errors or importing non-existent modules. (see errors above) @ http://localhost:3000/@vite/client:808
[  496994ms] [ERROR] [vite] Failed to reload /src/pages/waterfall/PaginationButtons/index.tsx. This could be due to syntax errors or importing non-existent modules. (see errors above) @ http://localhost:3000/@vite/client:808
[  496994ms] [ERROR] [vite] Failed to reload /src/pages/task/taskTabs/logs/index.tsx. This could be due to syntax errors or importing non-existent modules. (see errors above) @ http://localhost:3000/@vite/client:808
[  496994ms] [ERROR] [vite] Failed to reload /src/components/PatchesPage/PaginationButtons.tsx. This could be due to syntax errors or importing non-existent modules. (see errors above) @ http://localhost:3000/@vite/client:808
[  496994ms] [ERROR] [vite] Failed to reload /src/pages/waterfall/WaterfallMenu/GitCommitSearch.tsx. This could be due to syntax errors or importing non-existent modules. (see errors above) @ http://localhost:3000/@vite/client:808
[  496994ms] [ERROR] [vite] Failed to reload /src/components/Banners/NewVersionBanner.tsx. This could be due to syntax errors or importing non-existent modules. (see errors above) @ http://localhost:3000/@vite/client:808
[  496994ms] [ERROR] [vite] Failed to reload /src/pages/task/ActionButtons/RestartButton.tsx. This could be due to syntax errors or importing non-existent modules. (see errors above) @ http://localhost:3000/@vite/client:808
[  496994ms] [ERROR] [vite] Failed to reload /src/components/Redirects/WaterfallCommitsRedirect.tsx. This could be due to syntax errors or importing non-existent modules. (see errors above) @ http://localhost:3000/@vite/client:808
[  496994ms] [ERROR] [vite] Failed to reload /src/pages/task/taskTabs/TaskHistory/Controls/index.tsx. This could be due to syntax errors or importing non-existent modules. (see errors above) @ http://localhost:3000/@vite/client:808
[  496994ms] [ERROR] [vite] Failed to reload /src/pages/version/Tabs/TaskDuration/TaskDurationTable/index.tsx. This could be due to syntax errors or importing non-existent modules. (see errors above) @ http://localhost:3000/@vite/client:808
[  496994ms] [ERROR] [vite] Failed to reload /src/pages/version/Tabs/TestAnalysis/index.tsx. This could be due to syntax errors or importing non-existent modules. (see errors above) @ http://localhost:3000/@vite/client:808
[  496994ms] [ERROR] [vite] Failed to reload /src/pages/waterfall/WaterfallMenu/ClearAllFilters.tsx. This could be due to syntax errors or importing non-existent modules. (see errors above) @ http://localhost:3000/@vite/client:808
[  496994ms] [ERROR] [vite] Failed to reload /src/pages/waterfall/TaskStatsTooltip.tsx. This could be due to syntax errors or importing non-existent modules. (see errors above) @ http://localhost:3000/@vite/client:808
[  496994ms] [ERROR] [vite] Failed to reload /src/components/TaskStatusFilters/index.tsx. This could be due to syntax errors or importing non-existent modules. (see errors above) @ http://localhost:3000/@vite/client:808
[  496994ms] [ERROR] [vite] Failed to reload /src/pages/task/taskTabs/index.tsx. This could be due to syntax errors or importing non-existent modules. (see errors above) @ http://localhost:3000/@vite/client:808
[  496994ms] [ERROR] [vite] Failed to reload /src/pages/task/taskTabs/TaskHistory/CommitDetailsCard/FailedTestsTable.tsx. This could be due to syntax errors or importing non-existent modules. (see errors above) @ http://localhost:3000/@vite/client:808
[  496994ms] [ERROR] [vite] Failed to reload /src/pages/task/taskTabs/TaskHistory/index.tsx. This could be due to syntax errors or importing non-existent modules. (see errors above) @ http://localhost:3000/@vite/client:808
[  496994ms] [ERROR] [vite] Failed to reload /src/components/Content/Layout.tsx. This could be due to syntax errors or importing non-existent modules. (see errors above) @ http://localhost:3000/@vite/client:808
[  496994ms] [ERROR] [vite] Failed to reload /src/pages/task/taskTabs/logs/LogTypes.tsx. This could be due to syntax errors or importing non-existent modules. (see errors above) @ http://localhost:3000/@vite/client:808
[  496994ms] [ERROR] [vite] Failed to reload /src/pages/waterfall/WaterfallGrid.tsx. This could be due to syntax errors or importing non-existent modules. (see errors above) @ http://localhost:3000/@vite/client:808
[  496994ms] [ERROR] [vite] Failed to reload /src/components/Dropdown/index.tsx. This could be due to syntax errors or importing non-existent modules. (see errors above) @ http://localhost:3000/@vite/client:808
[  496994ms] [ERROR] [vite] Failed to reload /src/pages/task/taskTabs/TaskHistory/CommitDetailsCard/index.tsx. This could be due to syntax errors or importing non-existent modules. (see errors above) @ http://localhost:3000/@vite/client:808
[  496994ms] [ERROR] [vite] Failed to reload /src/components/PatchesPage/index.tsx. This could be due to syntax errors or importing non-existent modules. (see errors above) @ http://localhost:3000/@vite/client:808
[  496994ms] [ERROR] [vite] Failed to reload /@fs/Users/aaron.hammer/Development/ui/packages/lib/src/components/Table/TablePopover/TableSearchPopover/index.tsx. This could be due to syntax errors or importing non-existent modules. (see errors above) @ http://localhost:3000/@vite/client:808
[  496994ms] [ERROR] [vite] Failed to reload /src/pages/waterfall/WaterfallFilters.tsx. This could be due to syntax errors or importing non-existent modules. (see errors above) @ http://localhost:3000/@vite/client:808
[  496994ms] [ERROR] [vite] Failed to reload /src/pages/version/Tabs/TestAnalysis/FilterGroup/index.tsx. This could be due to syntax errors or importing non-existent modules. (see errors above) @ http://localhost:3000/@vite/client:808
[  496994ms] [ERROR] [vite] Failed to reload /src/pages/version/BuildVariantCard/VariantTaskGroup/index.tsx. This could be due to syntax errors or importing non-existent modules. (see errors above) @ http://localhost:3000/@vite/client:808
[  496994ms] [ERROR] [vite] Failed to reload /src/pages/waterfall/TaskOverviewPopup/index.tsx. This could be due to syntax errors or importing non-existent modules. (see errors above) @ http://localhost:3000/@vite/client:808
[  496994ms] [ERROR] [vite] Failed to reload /src/pages/Task.tsx. This could be due to syntax errors or importing non-existent modules. (see errors above) @ http://localhost:3000/@vite/client:808
[  496994ms] [ERROR] [vite] Failed to reload /src/components/PatchActionButtons/IncludeNeverActivatedTasksToggle.tsx. This could be due to syntax errors or importing non-existent modules. (see errors above) @ http://localhost:3000/@vite/client:808
[  496994ms] [ERROR] [vite] Failed to reload /src/pages/version/BuildVariantCard/index.tsx. This could be due to syntax errors or importing non-existent modules. (see errors above) @ http://localhost:3000/@vite/client:808
[  496994ms] [ERROR] [vite] Failed to reload /src/pages/version/Tabs/TaskDuration/index.tsx. This could be due to syntax errors or importing non-existent modules. (see errors above) @ http://localhost:3000/@vite/client:808
[  496994ms] [ERROR] [vite] Failed to reload /src/pages/version/Tabs/index.tsx. This could be due to syntax errors or importing non-existent modules. (see errors above) @ http://localhost:3000/@vite/client:808
[  496994ms] [ERROR] [vite] Failed to reload /src/pages/waterfall/WaterfallMenu/JumpToMostRecent.tsx. This could be due to syntax errors or importing non-existent modules. (see errors above) @ http://localhost:3000/@vite/client:808
[  496994ms] [ERROR] [vite] Failed to reload /src/pages/Version.tsx. This could be due to syntax errors or importing non-existent modules. (see errors above) @ http://localhost:3000/@vite/client:808
[  496994ms] [ERROR] [vite] Failed to reload /src/pages/waterfall/StatusFilter/index.tsx. This could be due to syntax errors or importing non-existent modules. (see errors above) @ http://localhost:3000/@vite/client:808
[  496994ms] [ERROR] [vite] Failed to reload /src/pages/UserPatches.tsx. This could be due to syntax errors or importing non-existent modules. (see errors above) @ http://localhost:3000/@vite/client:808
[  496994ms] [ERROR] [vite] Failed to reload /src/pages/task/ActionButtons/index.tsx. This could be due to syntax errors or importing non-existent modules. (see errors above) @ http://localhost:3000/@vite/client:808
[  496995ms] [ERROR] [vite] Failed to reload /src/pages/waterfall/index.tsx. This could be due to syntax errors or importing non-existent modules. (see errors above) @ http://localhost:3000/@vite/client:808
[  496995ms] [ERROR] [vite] Failed to reload /src/pages/waterfall/RequesterFilter/index.tsx. This could be due to syntax errors or importing non-existent modules. (see errors above) @ http://localhost:3000/@vite/client:808
[  496995ms] [ERROR] [vite] Failed to reload /src/pages/task/taskTabs/FileTable/index.tsx. This could be due to syntax errors or importing non-existent modules. (see errors above) @ http://localhost:3000/@vite/client:808
[  496995ms] [ERROR] [vite] Failed to reload /src/pages/task/taskTabs/TaskHistory/TaskTimeline/index.tsx. This could be due to syntax errors or importing non-existent modules. (see errors above) @ http://localhost:3000/@vite/client:808
[  496995ms] [ERROR] [vite] Failed to reload /src/components/TaskStatusIconLegend/index.tsx. This could be due to syntax errors or importing non-existent modules. (see errors above) @ http://localhost:3000/@vite/client:808
[  496995ms] [ERROR] [vite] Failed to reload /src/pages/task/taskTabs/TaskHistory/TestFailureSearchInput/index.tsx. This could be due to syntax errors or importing non-existent modules. (see errors above) @ http://localhost:3000/@vite/client:808
[  496995ms] [ERROR] [vite] Failed to reload /src/components/PatchesPage/StatusSelector.tsx. This could be due to syntax errors or importing non-existent modules. (see errors above) @ http://localhost:3000/@vite/client:808
[  496995ms] [ERROR] [vite] Failed to reload /src/pages/waterfall/TaskOverviewPopup/ActionButtons.tsx. This could be due to syntax errors or importing non-existent modules. (see errors above) @ http://localhost:3000/@vite/client:808
[  496995ms] [ERROR] [vite] Failed to reload /src/pages/waterfall/VersionLabel/index.tsx. This could be due to syntax errors or importing non-existent modules. (see errors above) @ http://localhost:3000/@vite/client:808
[  496995ms] [ERROR] [vite] Failed to reload /src/pages/task/taskTabs/ExecutionTasksTable/index.tsx. This could be due to syntax errors or importing non-existent modules. (see errors above) @ http://localhost:3000/@vite/client:808
[  496995ms] [ERROR] [vite] Failed to reload /src/pages/version/Tabs/Tasks/VersionTasksTable/index.tsx. This could be due to syntax errors or importing non-existent modules. (see errors above) @ http://localhost:3000/@vite/client:808
[  496995ms] [ERROR] [vite] Failed to reload /src/pages/ProjectPatches.tsx. This could be due to syntax errors or importing non-existent modules. (see errors above) @ http://localhost:3000/@vite/client:808
[  496995ms] [ERROR] [vite] Failed to reload /src/pages/task/taskTabs/TaskHistory/InactiveCommitsButton/index.tsx. This could be due to syntax errors or importing non-existent modules. (see errors above) @ http://localhost:3000/@vite/client:808
[  496995ms] [ERROR] [vite] Failed to reload /src/pages/version/Tabs/Tasks/index.tsx. This could be due to syntax errors or importing non-existent modules. (see errors above) @ http://localhost:3000/@vite/client:808
[  496995ms] [ERROR] [vite] Failed to reload /@fs/Users/aaron.hammer/Development/ui/packages/lib/src/components/Table/TablePopover/TableFilterPopover/index.tsx. This could be due to syntax errors or importing non-existent modules. (see errors above) @ http://localhost:3000/@vite/client:808
[  497618ms] [ERROR] Failed to load resource: the server responded with a status of 404 (Not Found) @ http://localhost:3000/src/components/Banners/NewVersionBanner.tsx?t=1773073765628:0
[  497618ms] [ERROR] [vite] Failed to reload /src/components/Banners/NewVersionBanner.tsx. This could be due to syntax errors or importing non-existent modules. (see errors above) @ http://localhost:3000/@vite/client:808
[  497920ms] [WARNING] Undefined 'from' passed to readField with arguments %s ["flattenedVersions",<undefined>] @ http://localhost:3000/node_modules/.vite/deps/chunk-LE7SWVGY.js?v=15b32c06:2942
[  497920ms] [WARNING] Undefined 'from' passed to readField with arguments %s ["allActiveVersions",<undefined>] @ http://localhost:3000/node_modules/.vite/deps/chunk-LE7SWVGY.js?v=15b32c06:2942
[  498310ms] [ERROR] Failed to load resource: the server responded with a status of 404 (Not Found) @ http://localhost:3000/src/components/Stepback/index.tsx?t=1773073766976:0
[  498316ms] [ERROR] [vite] Failed to reload /src/components/Stepback/index.tsx. This could be due to syntax errors or importing non-existent modules. (see errors above) @ http://localhost:3000/@vite/client:808
[  498361ms] [ERROR] Failed to load resource: the server responded with a status of 404 (Not Found) @ http://localhost:3000/src/components/Stepback/index.tsx?t=1773073766980:0
[  498361ms] [ERROR] [vite] Failed to reload /src/components/Stepback/index.tsx. This could be due to syntax errors or importing non-existent modules. (see errors above) @ http://localhost:3000/@vite/client:808
[  498365ms] [ERROR] Failed to load resource: the server responded with a status of 404 (Not Found) @ http://localhost:3000/src/components/Stepback/index.tsx?t=1773073766983:0
[  498365ms] [ERROR] [vite] Failed to reload /src/components/Stepback/index.tsx. This could be due to syntax errors or importing non-existent modules. (see errors above) @ http://localhost:3000/@vite/client:808
[  498371ms] [ERROR] Failed to load resource: the server responded with a status of 404 (Not Found) @ http://localhost:3000/src/components/Stepback/index.tsx?t=1773073766985:0
[  498386ms] [ERROR] [vite] Failed to reload /src/components/Stepback/index.tsx. This could be due to syntax errors or importing non-existent modules. (see errors above) @ http://localhost:3000/@vite/client:808
[  499277ms] [WARNING] Honeycomb INGEST API key or a collector endpoint was not provided. Starting SDK in debug mode. No traces will be sent. @ http://localhost:3000/@fs/Users/aaron.hammer/Development/ui/packages/lib/src/utils/observability/honeycomb.ts:15
[  499740ms] [WARNING] Undefined 'from' passed to readField with arguments %s ["flattenedVersions",<undefined>] @ http://localhost:3000/node_modules/.vite/deps/chunk-LE7SWVGY.js?v=15b32c06:2942
[  499740ms] [WARNING] Undefined 'from' passed to readField with arguments %s ["allActiveVersions",<undefined>] @ http://localhost:3000/node_modules/.vite/deps/chunk-LE7SWVGY.js?v=15b32c06:2942
[  499832ms] [ERROR] Warning: Received `%s` for a non-boolean attribute `%s`.

If you want to write it to the DOM, pass a string instead: %s="%s" or %s={value.toString()}.%s true rightmost rightmost true rightmost 
    at a
    at LinkWithRef (http://localhost:3000/node_modules/.vite/deps/react-router-dom.js?v=15b32c06:4483:7)
    at http://localhost:3000/node_modules/.vite/deps/chunk-NUNQUF5B.js?v=15b32c06:1548:49
    at _c2 (http://localhost:3000/src/components/TaskBox/index.tsx?t=1772640406078:91:12)
    at WaterfallTask (http://localhost:3000/src/pages/waterfall/WaterfallTask.tsx?t=1773073767236:11:3)
    at div
    at http://localhost:3000/node_modules/.vite/deps/chunk-NUNQUF5B.js?v=15b32c06:1548:49
    at WidthWatcher (http://localhost:3000/src/pages/waterfall/BuildRow.tsx?t=1773073767236:214:25)
    at BuildGrid (http://localhost:3000/src/pages/waterfall/BuildRow.tsx?t=1773073767236:235:3)
    at div
    at http://localhost:3000/node_modules/.vite/deps/chunk-NUNQUF5B.js?v=15b32c06:1548:49
    at VisibilityContainer (http://localhost:3000/src/components/VisibilityContainer/index.tsx:6:3)
    at div
    at http://localhost:3000/node_modules/.vite/deps/chunk-NUNQUF5B.js?v=15b32c06:1548:49
    at BuildRow (http://localhost:3000/src/pages/waterfall/BuildRow.tsx?t=1773073767236:29:3)
    at BuildVariantProvider (http://localhost:3000/src/pages/waterfall/BuildVariantContext.tsx:6:3)
    at div
    at http://localhost:3000/node_modules/.vite/deps/chunk-NUNQUF5B.js?v=15b32c06:1548:49
    at WaterfallGrid (http://localhost:3000/src/pages/waterfall/WaterfallGrid.tsx?t=1773073766976:45:3)
    at WaterfallErrorBoundary (http://localhost:3000/src/pages/waterfall/WaterfallErrorBoundary/index.tsx?t=1773073766976:17:5)
    at Suspense
    at div
    at http://localhost:3000/node_modules/.vite/deps/chunk-NUNQUF5B.js?v=15b32c06:1548:49
    at Waterfall (http://localhost:3000/src/pages/waterfall/index.tsx?t=1773073766976:23:60)
    at Suspense
    at Loadable
    at ProjectRedirect (http://localhost:3000/src/components/Redirects/ProjectRedirect.tsx?t=1773073766976:6:3)
    at RenderedRoute (http://localhost:3000/node_modules/.vite/deps/react-router-dom.js?v=15b32c06:3401:5)
    at Outlet (http://localhost:3000/node_modules/.vite/deps/react-router-dom.js?v=15b32c06:3721:26)
    at div
    at http://localhost:3000/node_modules/.vite/deps/chunk-NUNQUF5B.js?v=15b32c06:1548:49
    at Layout (http://localhost:3000/src/components/Content/Layout.tsx?t=1773073767232:21:31)
    at RenderedRoute (http://localhost:3000/node_modules/.vite/deps/react-router-dom.js?v=15b32c06:3401:5)
    at Routes (http://localhost:3000/node_modules/.vite/deps/react-router-dom.js?v=15b32c06:3781:5)
    at Content
    at ToastProviderCore (http://localhost:3000/@fs/Users/aaron.hammer/Development/ui/packages/lib/src/context/toast/index.tsx?t=1773067104500:30:30)
    at yt (http://localhost:3000/node_modules/.vite/deps/@leafygreen-ui_toast.js?v=15b32c06:822:15)
    at ToastProvider (http://localhost:3000/@fs/Users/aaron.hammer/Development/ui/packages/lib/src/context/toast/index.tsx?t=1773067104500:125:26)
    at P2 (http://localhost:3000/node_modules/.vite/deps/chunk-6RIDVPHZ.js?v=15b32c06:157:15)
    at v (http://localhost:3000/node_modules/.vite/deps/chunk-6RIDVPHZ.js?v=15b32c06:78:15)
    at w2 (http://localhost:3000/node_modules/.vite/deps/chunk-6RIDVPHZ.js?v=15b32c06:189:15)
    at M2 (http://localhost:3000/node_modules/.vite/deps/chunk-6RIDVPHZ.js?v=15b32c06:175:15)
    at S (http://localhost:3000/node_modules/.vite/deps/chunk-6RIDVPHZ.js?v=15b32c06:213:15)
    at U (http://localhost:3000/node_modules/.vite/deps/chunk-6RIDVPHZ.js?v=15b32c06:238:15)
    at ApolloProvider (http://localhost:3000/node_modules/.vite/deps/@apollo_client_react.js?v=15b32c06:31:3)
    at GQLWrapper (http://localhost:3000/src/gql/GQLWrapper.tsx?t=1773073766976:6:23)
    at ContextProviders (http://localhost:3000/src/context/Providers.tsx?t=1773073766976:6:3)
    at ProtectedRoute (http://localhost:3000/@fs/Users/aaron.hammer/Development/ui/packages/lib/src/components/ProtectedRoute/index.tsx:6:3)
    at RenderedRoute (http://localhost:3000/node_modules/.vite/deps/react-router-dom.js?v=15b32c06:3401:5)
    at Outlet (http://localhost:3000/node_modules/.vite/deps/react-router-dom.js?v=15b32c06:3721:26)
    at AuthProvider (http://localhost:3000/@fs/Users/aaron.hammer/Development/ui/packages/lib/src/context/AuthProvider/index.tsx:28:3)
    at DefaultErrorBoundary (http://localhost:3000/@fs/Users/aaron.hammer/Development/ui/packages/lib/src/components/ErrorBoundary/DefaultErrorBoundary.tsx:6:5)
    at ErrorBoundary (http://localhost:3000/@fs/Users/aaron.hammer/Development/ui/packages/lib/src/components/ErrorBoundary/index.tsx:5:26)
    at RenderedRoute (http://localhost:3000/node_modules/.vite/deps/react-router-dom.js?v=15b32c06:3401:5)
    at RenderErrorBoundary (http://localhost:3000/node_modules/.vite/deps/react-router-dom.js?v=15b32c06:3361:5)
    at DataRoutes (http://localhost:3000/node_modules/.vite/deps/react-router-dom.js?v=15b32c06:4377:5)
    at Router (http://localhost:3000/node_modules/.vite/deps/react-router-dom.js?v=15b32c06:3728:15)
    at RouterProvider (http://localhost:3000/node_modules/.vite/deps/react-router-dom.js?v=15b32c06:4240:5)
    at App @ http://localhost:3000/node_modules/.vite/deps/chunk-DRJNT4PL.js?v=15b32c06:3
[  499832ms] [ERROR] Warning: React does not recognize the `%s` prop on a DOM element. If you intentionally want it to appear in the DOM as a custom attribute, spell it as lowercase `%s` instead. If you accidentally passed it from a parent component, remove it from the DOM element.%s squareSize squaresize 
    at a
    at LinkWithRef (http://localhost:3000/node_modules/.vite/deps/react-router-dom.js?v=15b32c06:4483:7)
    at http://localhost:3000/node_modules/.vite/deps/chunk-NUNQUF5B.js?v=15b32c06:1548:49
    at _c2 (http://localhost:3000/src/components/TaskBox/index.tsx?t=1772640406078:91:12)
    at WaterfallTask (http://localhost:3000/src/pages/waterfall/WaterfallTask.tsx?t=1773073767236:11:3)
    at div
    at http://localhost:3000/node_modules/.vite/deps/chunk-NUNQUF5B.js?v=15b32c06:1548:49
    at WidthWatcher (http://localhost:3000/src/pages/waterfall/BuildRow.tsx?t=1773073767236:214:25)
    at BuildGrid (http://localhost:3000/src/pages/waterfall/BuildRow.tsx?t=1773073767236:235:3)
    at div
    at http://localhost:3000/node_modules/.vite/deps/chunk-NUNQUF5B.js?v=15b32c06:1548:49
    at VisibilityContainer (http://localhost:3000/src/components/VisibilityContainer/index.tsx:6:3)
    at div
    at http://localhost:3000/node_modules/.vite/deps/chunk-NUNQUF5B.js?v=15b32c06:1548:49
    at BuildRow (http://localhost:3000/src/pages/waterfall/BuildRow.tsx?t=1773073767236:29:3)
    at BuildVariantProvider (http://localhost:3000/src/pages/waterfall/BuildVariantContext.tsx:6:3)
    at div
    at http://localhost:3000/node_modules/.vite/deps/chunk-NUNQUF5B.js?v=15b32c06:1548:49
    at WaterfallGrid (http://localhost:3000/src/pages/waterfall/WaterfallGrid.tsx?t=1773073766976:45:3)
    at WaterfallErrorBoundary (http://localhost:3000/src/pages/waterfall/WaterfallErrorBoundary/index.tsx?t=1773073766976:17:5)
    at Suspense
    at div
    at http://localhost:3000/node_modules/.vite/deps/chunk-NUNQUF5B.js?v=15b32c06:1548:49
    at Waterfall (http://localhost:3000/src/pages/waterfall/index.tsx?t=1773073766976:23:60)
    at Suspense
    at Loadable
    at ProjectRedirect (http://localhost:3000/src/components/Redirects/ProjectRedirect.tsx?t=1773073766976:6:3)
    at RenderedRoute (http://localhost:3000/node_modules/.vite/deps/react-router-dom.js?v=15b32c06:3401:5)
    at Outlet (http://localhost:3000/node_modules/.vite/deps/react-router-dom.js?v=15b32c06:3721:26)
    at div
    at http://localhost:3000/node_modules/.vite/deps/chunk-NUNQUF5B.js?v=15b32c06:1548:49
    at Layout (http://localhost:3000/src/components/Content/Layout.tsx?t=1773073767232:21:31)
    at RenderedRoute (http://localhost:3000/node_modules/.vite/deps/react-router-dom.js?v=15b32c06:3401:5)
    at Routes (http://localhost:3000/node_modules/.vite/deps/react-router-dom.js?v=15b32c06:3781:5)
    at Content
    at ToastProviderCore (http://localhost:3000/@fs/Users/aaron.hammer/Development/ui/packages/lib/src/context/toast/index.tsx?t=1773067104500:30:30)
    at yt (http://localhost:3000/node_modules/.vite/deps/@leafygreen-ui_toast.js?v=15b32c06:822:15)
    at ToastProvider (http://localhost:3000/@fs/Users/aaron.hammer/Development/ui/packages/lib/src/context/toast/index.tsx?t=1773067104500:125:26)
    at P2 (http://localhost:3000/node_modules/.vite/deps/chunk-6RIDVPHZ.js?v=15b32c06:157:15)
    at v (http://localhost:3000/node_modules/.vite/deps/chunk-6RIDVPHZ.js?v=15b32c06:78:15)
    at w2 (http://localhost:3000/node_modules/.vite/deps/chunk-6RIDVPHZ.js?v=15b32c06:189:15)
    at M2 (http://localhost:3000/node_modules/.vite/deps/chunk-6RIDVPHZ.js?v=15b32c06:175:15)
    at S (http://localhost:3000/node_modules/.vite/deps/chunk-6RIDVPHZ.js?v=15b32c06:213:15)
    at U (http://localhost:3000/node_modules/.vite/deps/chunk-6RIDVPHZ.js?v=15b32c06:238:15)
    at ApolloProvider (http://localhost:3000/node_modules/.vite/deps/@apollo_client_react.js?v=15b32c06:31:3)
    at GQLWrapper (http://localhost:3000/src/gql/GQLWrapper.tsx?t=1773073766976:6:23)
    at ContextProviders (http://localhost:3000/src/context/Providers.tsx?t=1773073766976:6:3)
    at ProtectedRoute (http://localhost:3000/@fs/Users/aaron.hammer/Development/ui/packages/lib/src/components/ProtectedRoute/index.tsx:6:3)
    at RenderedRoute (http://localhost:3000/node_modules/.vite/deps/react-router-dom.js?v=15b32c06:3401:5)
    at Outlet (http://localhost:3000/node_modules/.vite/deps/react-router-dom.js?v=15b32c06:3721:26)
    at AuthProvider (http://localhost:3000/@fs/Users/aaron.hammer/Development/ui/packages/lib/src/context/AuthProvider/index.tsx:28:3)
    at DefaultErrorBoundary (http://localhost:3000/@fs/Users/aaron.hammer/Development/ui/packages/lib/src/components/ErrorBoundary/DefaultErrorBoundary.tsx:6:5)
    at ErrorBoundary (http://localhost:3000/@fs/Users/aaron.hammer/Development/ui/packages/lib/src/components/ErrorBoundary/index.tsx:5:26)
    at RenderedRoute (http://localhost:3000/node_modules/.vite/deps/react-router-dom.js?v=15b32c06:3401:5)
    at RenderErrorBoundary (http://localhost:3000/node_modules/.vite/deps/react-router-dom.js?v=15b32c06:3361:5)
    at DataRoutes (http://localhost:3000/node_modules/.vite/deps/react-router-dom.js?v=15b32c06:4377:5)
    at Router (http://localhost:3000/node_modules/.vite/deps/react-router-dom.js?v=15b32c06:3728:15)
    at RouterProvider (http://localhost:3000/node_modules/.vite/deps/react-router-dom.js?v=15b32c06:4240:5)
    at App @ http://localhost:3000/node_modules/.vite/deps/chunk-DRJNT4PL.js?v=15b32c06:3
[  499851ms] [WARNING] Cache data may be lost when replacing the %s field of a %s object.

This could cause additional (usually avoidable) network requests to fetch data that were otherwise cached.

To address this problem (which is not a bug in Apollo Client), %sdefine a custom merge function for the %s field, so InMemoryCache can safely merge these objects:

  existing: %o
  incoming: %o

For more information about these options, please refer to the documentation:

  * Ensuring entity objects have IDs: https://go.apollo.dev/c/generating-unique-identifiers
  * Defining custom merge functions: https://go.apollo.dev/c/merging-non-normalized-objects
 project Query either ensure all objects of type Project have an ID or a custom merge function, or  Query.project {__typename: Project, id: evergreen, banner: Object} {__typename: Project, id: evergreen, branch: main, repotrackerError: null} @ http://localhost:3000/node_modules/.vite/deps/chunk-LE7SWVGY.js?v=15b32c06:2942
