[     514ms] [WARNING] Honeycomb INGEST API key or a collector endpoint was not provided. Starting SDK in debug mode. No traces will be sent. @ http://localhost:3000/@fs/Users/aaron.hammer/Development/ui/packages/lib/src/utils/observability/honeycomb.ts:15
[     671ms] [ERROR] For screen-reader accessibility, label or aria-labelledby must be provided to TextInput. @ http://localhost:3000/node_modules/.vite/deps/chunk-3ODRVZ7D.js?v=15b32c06:189
[     671ms] [ERROR] For screen-reader accessibility, label or aria-labelledby must be provided to TextInput. @ http://localhost:3000/node_modules/.vite/deps/chunk-3ODRVZ7D.js?v=15b32c06:189
[     744ms] [ERROR] For screen-reader accessibility, label or aria-labelledby must be provided to TextInput. @ http://localhost:3000/node_modules/.vite/deps/chunk-3ODRVZ7D.js?v=15b32c06:189
[     744ms] [ERROR] For screen-reader accessibility, label or aria-labelledby must be provided to TextInput. @ http://localhost:3000/node_modules/.vite/deps/chunk-3ODRVZ7D.js?v=15b32c06:189
[    6290ms] [ERROR] For screen-reader accessibility, label or aria-labelledby must be provided to TextInput. @ http://localhost:3000/node_modules/.vite/deps/chunk-3ODRVZ7D.js?v=15b32c06:189
[    6290ms] [ERROR] For screen-reader accessibility, label or aria-labelledby must be provided to TextInput. @ http://localhost:3000/node_modules/.vite/deps/chunk-3ODRVZ7D.js?v=15b32c06:189
[    6330ms] [ERROR] For screen-reader accessibility, label or aria-labelledby must be provided to TextInput. @ http://localhost:3000/node_modules/.vite/deps/chunk-3ODRVZ7D.js?v=15b32c06:189
[    6330ms] [ERROR] For screen-reader accessibility, label or aria-labelledby must be provided to TextInput. @ http://localhost:3000/node_modules/.vite/deps/chunk-3ODRVZ7D.js?v=15b32c06:189
[    6385ms] [ERROR] For screen-reader accessibility, label or aria-labelledby must be provided to TextInput. @ http://localhost:3000/node_modules/.vite/deps/chunk-3ODRVZ7D.js?v=15b32c06:189
[    6385ms] [ERROR] For screen-reader accessibility, label or aria-labelledby must be provided to TextInput. @ http://localhost:3000/node_modules/.vite/deps/chunk-3ODRVZ7D.js?v=15b32c06:189
[    6413ms] [ERROR] For screen-reader accessibility, label or aria-labelledby must be provided to TextInput. @ http://localhost:3000/node_modules/.vite/deps/chunk-3ODRVZ7D.js?v=15b32c06:189
[    6413ms] [ERROR] For screen-reader accessibility, label or aria-labelledby must be provided to TextInput. @ http://localhost:3000/node_modules/.vite/deps/chunk-3ODRVZ7D.js?v=15b32c06:189
[    6433ms] [ERROR] For screen-reader accessibility, label or aria-labelledby must be provided to TextInput. @ http://localhost:3000/node_modules/.vite/deps/chunk-3ODRVZ7D.js?v=15b32c06:189
[    6433ms] [ERROR] For screen-reader accessibility, label or aria-labelledby must be provided to TextInput. @ http://localhost:3000/node_modules/.vite/deps/chunk-3ODRVZ7D.js?v=15b32c06:189
[    6467ms] [ERROR] For screen-reader accessibility, label or aria-labelledby must be provided to TextInput. @ http://localhost:3000/node_modules/.vite/deps/chunk-3ODRVZ7D.js?v=15b32c06:189
[    6467ms] [ERROR] For screen-reader accessibility, label or aria-labelledby must be provided to TextInput. @ http://localhost:3000/node_modules/.vite/deps/chunk-3ODRVZ7D.js?v=15b32c06:189
[   46386ms] [WARNING] Honeycomb INGEST API key or a collector endpoint was not provided. Starting SDK in debug mode. No traces will be sent. @ http://localhost:3000/@fs/Users/aaron.hammer/Development/ui/packages/lib/src/utils/observability/honeycomb.ts:15
[   46458ms] [ERROR] For screen-reader accessibility, label or aria-labelledby must be provided to TextInput. @ http://localhost:3000/node_modules/.vite/deps/chunk-S4MHCAD5.js?v=00382c1f:189
[   46458ms] [ERROR] For screen-reader accessibility, label or aria-labelledby must be provided to TextInput. @ http://localhost:3000/node_modules/.vite/deps/chunk-S4MHCAD5.js?v=00382c1f:189
[   46571ms] [ERROR] For screen-reader accessibility, label or aria-labelledby must be provided to TextInput. @ http://localhost:3000/node_modules/.vite/deps/chunk-S4MHCAD5.js?v=00382c1f:189
[   46571ms] [ERROR] For screen-reader accessibility, label or aria-labelledby must be provided to TextInput. @ http://localhost:3000/node_modules/.vite/deps/chunk-S4MHCAD5.js?v=00382c1f:189
[   46641ms] [ERROR] For screen-reader accessibility, label or aria-labelledby must be provided to TextInput. @ http://localhost:3000/node_modules/.vite/deps/chunk-S4MHCAD5.js?v=00382c1f:189
[   46641ms] [ERROR] For screen-reader accessibility, label or aria-labelledby must be provided to TextInput. @ http://localhost:3000/node_modules/.vite/deps/chunk-S4MHCAD5.js?v=00382c1f:189
